[2025-05-08 18:02:24.051] [jointLog] [info] setting maxHashResizeThreads to 8
[2025-05-08 18:02:24.051] [jointLog] [info] Fragment incompatibility prior below threshold.  Incompatible fragments will be ignored.
[2025-05-08 18:02:24.051] [jointLog] [info] Usage of --validateMappings implies use of minScoreFraction. Since not explicitly specified, it is being set to 0.65
[2025-05-08 18:02:24.051] [jointLog] [info] Setting consensusSlack to selective-alignment default of 0.35.
[2025-05-08 18:02:24.051] [jointLog] [info] parsing read library format
[2025-05-08 18:02:24.051] [jointLog] [info] There is 1 library.
[2025-05-08 18:02:24.053] [jointLog] [info] Loading pufferfish index
[2025-05-08 18:02:24.054] [jointLog] [info] Loading dense pufferfish index.
[2025-05-08 18:02:24.339] [jointLog] [info] done
[2025-05-08 18:02:24.358] [jointLog] [info] Index contained 37 targets
[2025-05-08 18:02:24.358] [jointLog] [info] Number of decoys : 0
[2025-05-08 18:04:58.566] [fileLog] [info] 
At end of round 0
==================
Observed 51319655 total fragments (51319655 in most recent round)

[2025-05-08 18:04:58.565] [jointLog] [info] Computed 33 rich equivalence classes for further processing
[2025-05-08 18:04:58.565] [jointLog] [info] Counted 31,930 total reads in the equivalence classes 
[2025-05-08 18:04:58.568] [jointLog] [info] Number of mappings discarded because of alignment score : 19,393
[2025-05-08 18:04:58.568] [jointLog] [info] Number of fragments entirely discarded because of alignment score : 18,867
[2025-05-08 18:04:58.568] [jointLog] [info] Number of fragments discarded because they are best-mapped to decoys : 0
[2025-05-08 18:04:58.568] [jointLog] [info] Number of fragments discarded because they have only dovetail (discordant) mappings to valid targets : 810
[2025-05-08 18:04:58.568] [jointLog] [warning] Only 31930 fragments were mapped, but the number of burn-in fragments was set to 5000000.
The effective lengths have been computed using the observed mappings.

[2025-05-08 18:04:58.568] [jointLog] [info] Mapping rate = 0.0622179%

[2025-05-08 18:04:58.568] [jointLog] [info] finished quantifyLibrary()
[2025-05-08 18:04:58.570] [jointLog] [info] Starting optimizer
[2025-05-08 18:04:58.572] [jointLog] [info] Marked 0 weighted equivalence classes as degenerate
[2025-05-08 18:04:58.572] [jointLog] [info] iteration = 0 | max rel diff. = 861.423
[2025-05-08 18:04:58.574] [jointLog] [info] iteration = 100 | max rel diff. = 0
[2025-05-08 18:04:58.574] [jointLog] [info] Finished optimizer
[2025-05-08 18:04:58.574] [jointLog] [info] writing output 

