[2025-05-08 17:39:30.798] [jointLog] [info] setting maxHashResizeThreads to 8
[2025-05-08 17:39:30.798] [jointLog] [info] Fragment incompatibility prior below threshold.  Incompatible fragments will be ignored.
[2025-05-08 17:39:30.798] [jointLog] [info] Usage of --validateMappings implies use of minScoreFraction. Since not explicitly specified, it is being set to 0.65
[2025-05-08 17:39:30.798] [jointLog] [info] Setting consensusSlack to selective-alignment default of 0.35.
[2025-05-08 17:39:30.798] [jointLog] [info] parsing read library format
[2025-05-08 17:39:30.798] [jointLog] [info] There is 1 library.
[2025-05-08 17:39:30.798] [jointLog] [info] Loading pufferfish index
[2025-05-08 17:39:30.798] [jointLog] [info] Loading dense pufferfish index.
[2025-05-08 17:39:30.801] [jointLog] [info] done
[2025-05-08 17:39:30.820] [jointLog] [info] Index contained 37 targets
[2025-05-08 17:39:30.820] [jointLog] [info] Number of decoys : 0
[2025-05-08 17:42:17.786] [fileLog] [info] 
At end of round 0
==================
Observed 56150380 total fragments (56150380 in most recent round)

[2025-05-08 17:42:17.785] [jointLog] [info] Computed 34 rich equivalence classes for further processing
[2025-05-08 17:42:17.785] [jointLog] [info] Counted 40,446 total reads in the equivalence classes 
[2025-05-08 17:42:17.788] [jointLog] [info] Number of mappings discarded because of alignment score : 20,401
[2025-05-08 17:42:17.788] [jointLog] [info] Number of fragments entirely discarded because of alignment score : 19,899
[2025-05-08 17:42:17.788] [jointLog] [info] Number of fragments discarded because they are best-mapped to decoys : 0
[2025-05-08 17:42:17.788] [jointLog] [info] Number of fragments discarded because they have only dovetail (discordant) mappings to valid targets : 947
[2025-05-08 17:42:17.788] [jointLog] [warning] Only 40446 fragments were mapped, but the number of burn-in fragments was set to 5000000.
The effective lengths have been computed using the observed mappings.

[2025-05-08 17:42:17.788] [jointLog] [info] Mapping rate = 0.0720316%

[2025-05-08 17:42:17.788] [jointLog] [info] finished quantifyLibrary()
[2025-05-08 17:42:17.862] [jointLog] [info] Starting optimizer
[2025-05-08 17:42:17.863] [jointLog] [info] Marked 0 weighted equivalence classes as degenerate
[2025-05-08 17:42:17.863] [jointLog] [info] iteration = 0 | max rel diff. = 1091.25
[2025-05-08 17:42:17.865] [jointLog] [info] iteration = 100 | max rel diff. = 0
[2025-05-08 17:42:17.865] [jointLog] [info] Finished optimizer
[2025-05-08 17:42:17.865] [jointLog] [info] writing output 

