[2025-04-11 20:58:49.457] [jointLog] [info] setting maxHashResizeThreads to 8
[2025-04-11 20:58:49.457] [jointLog] [info] Fragment incompatibility prior below threshold.  Incompatible fragments will be ignored.
[2025-04-11 20:58:49.457] [jointLog] [info] Usage of --validateMappings implies use of minScoreFraction. Since not explicitly specified, it is being set to 0.65
[2025-04-11 20:58:49.457] [jointLog] [info] Setting consensusSlack to selective-alignment default of 0.35.
[2025-04-11 20:58:49.457] [jointLog] [info] parsing read library format
[2025-04-11 20:58:49.457] [jointLog] [info] There is 1 library.
[2025-04-11 20:58:49.459] [jointLog] [info] Loading pufferfish index
[2025-04-11 20:58:49.460] [jointLog] [info] Loading dense pufferfish index.
[2025-04-11 20:58:49.651] [jointLog] [info] done
[2025-04-11 20:58:49.717] [jointLog] [info] Index contained 9 targets
[2025-04-11 20:58:49.717] [jointLog] [info] Number of decoys : 0
[2025-04-11 21:01:18.038] [fileLog] [info] 
At end of round 0
==================
Observed 52230248 total fragments (52230248 in most recent round)

[2025-04-11 21:01:18.037] [jointLog] [info] Computed 3 rich equivalence classes for further processing
[2025-04-11 21:01:18.037] [jointLog] [info] Counted 1,182 total reads in the equivalence classes 
[2025-04-11 21:01:18.040] [jointLog] [info] Number of mappings discarded because of alignment score : 289
[2025-04-11 21:01:18.040] [jointLog] [info] Number of fragments entirely discarded because of alignment score : 244
[2025-04-11 21:01:18.040] [jointLog] [info] Number of fragments discarded because they are best-mapped to decoys : 0
[2025-04-11 21:01:18.040] [jointLog] [info] Number of fragments discarded because they have only dovetail (discordant) mappings to valid targets : 39
[2025-04-11 21:01:18.040] [jointLog] [warning] Only 1182 fragments were mapped, but the number of burn-in fragments was set to 5000000.
The effective lengths have been computed using the observed mappings.

[2025-04-11 21:01:18.040] [jointLog] [info] Mapping rate = 0.00226306%

[2025-04-11 21:01:18.040] [jointLog] [info] finished quantifyLibrary()
[2025-04-11 21:01:18.057] [jointLog] [info] Starting optimizer
[2025-04-11 21:01:18.059] [jointLog] [info] Marked 0 weighted equivalence classes as degenerate
[2025-04-11 21:01:18.059] [jointLog] [info] iteration = 0 | max rel diff. = 13.5923
[2025-04-11 21:01:18.059] [jointLog] [info] iteration = 100 | max rel diff. = 0
[2025-04-11 21:01:18.059] [jointLog] [info] Finished optimizer
[2025-04-11 21:01:18.059] [jointLog] [info] writing output 

