[2025-04-11 12:05:45.602] [jointLog] [info] setting maxHashResizeThreads to 8
[2025-04-11 12:05:45.602] [jointLog] [info] Fragment incompatibility prior below threshold.  Incompatible fragments will be ignored.
[2025-04-11 12:05:45.602] [jointLog] [info] Setting consensusSlack to selective-alignment default of 0.35.
[2025-04-11 12:05:45.602] [jointLog] [info] parsing read library format
[2025-04-11 12:05:45.602] [jointLog] [info] There is 1 library.
[2025-04-11 12:05:45.603] [jointLog] [info] Loading pufferfish index
[2025-04-11 12:05:45.604] [jointLog] [info] Loading dense pufferfish index.
[2025-04-11 12:05:45.692] [jointLog] [info] done
[2025-04-11 12:05:45.741] [jointLog] [info] Index contained 9 targets
[2025-04-11 12:05:45.741] [jointLog] [info] Number of decoys : 0
[2025-04-11 12:08:18.494] [fileLog] [info] 
At end of round 0
==================
Observed 52230248 total fragments (52230248 in most recent round)

[2025-04-11 12:08:18.493] [jointLog] [info] Computed 3 rich equivalence classes for further processing
[2025-04-11 12:08:18.493] [jointLog] [info] Counted 1,242 total reads in the equivalence classes 
[2025-04-11 12:08:18.496] [jointLog] [info] Number of mappings discarded because of alignment score : 225
[2025-04-11 12:08:18.496] [jointLog] [info] Number of fragments entirely discarded because of alignment score : 184
[2025-04-11 12:08:18.496] [jointLog] [info] Number of fragments discarded because they are best-mapped to decoys : 0
[2025-04-11 12:08:18.496] [jointLog] [info] Number of fragments discarded because they have only dovetail (discordant) mappings to valid targets : 39
[2025-04-11 12:08:18.496] [jointLog] [warning] Only 1242 fragments were mapped, but the number of burn-in fragments was set to 5000000.
The effective lengths have been computed using the observed mappings.

[2025-04-11 12:08:18.496] [jointLog] [info] Mapping rate = 0.00237793%

[2025-04-11 12:08:18.496] [jointLog] [info] finished quantifyLibrary()
[2025-04-11 12:08:18.497] [jointLog] [info] Starting optimizer
[2025-04-11 12:08:18.499] [jointLog] [info] Marked 0 weighted equivalence classes as degenerate
[2025-04-11 12:08:18.499] [jointLog] [info] iteration = 0 | max rel diff. = 14.333
[2025-04-11 12:08:18.499] [jointLog] [info] iteration = 100 | max rel diff. = 0
[2025-04-11 12:08:18.499] [jointLog] [info] Finished optimizer
[2025-04-11 12:08:18.499] [jointLog] [info] writing output 

