[2025-05-08 18:08:05.982] [jointLog] [info] setting maxHashResizeThreads to 8
[2025-05-08 18:08:05.982] [jointLog] [info] Fragment incompatibility prior below threshold.  Incompatible fragments will be ignored.
[2025-05-08 18:08:05.982] [jointLog] [info] Usage of --validateMappings implies use of minScoreFraction. Since not explicitly specified, it is being set to 0.65
[2025-05-08 18:08:05.982] [jointLog] [info] Setting consensusSlack to selective-alignment default of 0.35.
[2025-05-08 18:08:05.982] [jointLog] [info] parsing read library format
[2025-05-08 18:08:05.982] [jointLog] [info] There is 1 library.
[2025-05-08 18:08:06.001] [jointLog] [info] Loading pufferfish index
[2025-05-08 18:08:06.014] [jointLog] [info] Loading dense pufferfish index.
[2025-05-08 18:08:06.284] [jointLog] [info] done
[2025-05-08 18:08:06.355] [jointLog] [info] Index contained 37 targets
[2025-05-08 18:08:06.355] [jointLog] [info] Number of decoys : 0
[2025-05-08 18:09:17.882] [jointLog] [info] Computed 34 rich equivalence classes for further processing
[2025-05-08 18:09:17.882] [jointLog] [info] Counted 21,143 total reads in the equivalence classes 
[2025-05-08 18:09:17.886] [jointLog] [info] Number of mappings discarded because of alignment score : 12,137
[2025-05-08 18:09:17.886] [jointLog] [info] Number of fragments entirely discarded because of alignment score : 11,245
[2025-05-08 18:09:17.886] [jointLog] [info] Number of fragments discarded because they are best-mapped to decoys : 0
[2025-05-08 18:09:17.886] [jointLog] [info] Number of fragments discarded because they have only dovetail (discordant) mappings to valid targets : 1,948
[2025-05-08 18:09:17.886] [jointLog] [warning] Only 21143 fragments were mapped, but the number of burn-in fragments was set to 5000000.
The effective lengths have been computed using the observed mappings.

[2025-05-08 18:09:17.886] [jointLog] [info] Mapping rate = 0.088487%

[2025-05-08 18:09:17.886] [jointLog] [info] finished quantifyLibrary()
[2025-05-08 18:09:17.887] [jointLog] [info] Starting optimizer
[2025-05-08 18:09:17.889] [jointLog] [info] Marked 0 weighted equivalence classes as degenerate
[2025-05-08 18:09:17.889] [jointLog] [info] iteration = 0 | max rel diff. = 570.191
[2025-05-08 18:09:17.890] [jointLog] [info] iteration = 100 | max rel diff. = 0
[2025-05-08 18:09:17.890] [jointLog] [info] Finished optimizer
[2025-05-08 18:09:17.890] [jointLog] [info] writing output 

[2025-05-08 18:09:17.883] [fileLog] [info] 
At end of round 0
==================
Observed 23893893 total fragments (23893893 in most recent round)

