[2025-05-08 18:10:04.467] [jointLog] [info] setting maxHashResizeThreads to 8
[2025-05-08 18:10:04.467] [jointLog] [info] Fragment incompatibility prior below threshold.  Incompatible fragments will be ignored.
[2025-05-08 18:10:04.467] [jointLog] [info] Usage of --validateMappings implies use of minScoreFraction. Since not explicitly specified, it is being set to 0.65
[2025-05-08 18:10:04.467] [jointLog] [info] Setting consensusSlack to selective-alignment default of 0.35.
[2025-05-08 18:10:04.467] [jointLog] [info] parsing read library format
[2025-05-08 18:10:04.467] [jointLog] [info] There is 1 library.
[2025-05-08 18:10:04.467] [jointLog] [info] Loading pufferfish index
[2025-05-08 18:10:04.467] [jointLog] [info] Loading dense pufferfish index.
[2025-05-08 18:10:04.470] [jointLog] [info] done
[2025-05-08 18:10:04.505] [jointLog] [info] Index contained 37 targets
[2025-05-08 18:10:04.505] [jointLog] [info] Number of decoys : 0
[2025-05-08 18:11:07.748] [fileLog] [info] 
At end of round 0
==================
Observed 21623481 total fragments (21623481 in most recent round)

[2025-05-08 18:11:07.747] [jointLog] [info] Computed 34 rich equivalence classes for further processing
[2025-05-08 18:11:07.747] [jointLog] [info] Counted 12,974 total reads in the equivalence classes 
[2025-05-08 18:11:07.750] [jointLog] [info] Number of mappings discarded because of alignment score : 6,431
[2025-05-08 18:11:07.750] [jointLog] [info] Number of fragments entirely discarded because of alignment score : 6,032
[2025-05-08 18:11:07.750] [jointLog] [info] Number of fragments discarded because they are best-mapped to decoys : 0
[2025-05-08 18:11:07.750] [jointLog] [info] Number of fragments discarded because they have only dovetail (discordant) mappings to valid targets : 957
[2025-05-08 18:11:07.751] [jointLog] [warning] Only 12974 fragments were mapped, but the number of burn-in fragments was set to 5000000.
The effective lengths have been computed using the observed mappings.

[2025-05-08 18:11:07.751] [jointLog] [info] Mapping rate = 0.0599996%

[2025-05-08 18:11:07.751] [jointLog] [info] finished quantifyLibrary()
[2025-05-08 18:11:07.770] [jointLog] [info] Starting optimizer
[2025-05-08 18:11:07.771] [jointLog] [info] Marked 0 weighted equivalence classes as degenerate
[2025-05-08 18:11:07.771] [jointLog] [info] iteration = 0 | max rel diff. = 349.558
[2025-05-08 18:11:07.773] [jointLog] [info] iteration = 100 | max rel diff. = 0
[2025-05-08 18:11:07.773] [jointLog] [info] Finished optimizer
[2025-05-08 18:11:07.773] [jointLog] [info] writing output 

