[2025-05-08 18:08:47.432] [jointLog] [info] setting maxHashResizeThreads to 8
[2025-05-08 18:08:47.432] [jointLog] [info] Fragment incompatibility prior below threshold.  Incompatible fragments will be ignored.
[2025-05-08 18:08:47.432] [jointLog] [info] Usage of --validateMappings implies use of minScoreFraction. Since not explicitly specified, it is being set to 0.65
[2025-05-08 18:08:47.432] [jointLog] [info] Setting consensusSlack to selective-alignment default of 0.35.
[2025-05-08 18:08:47.432] [jointLog] [info] parsing read library format
[2025-05-08 18:08:47.432] [jointLog] [info] There is 1 library.
[2025-05-08 18:08:47.432] [jointLog] [info] Loading pufferfish index
[2025-05-08 18:08:47.433] [jointLog] [info] Loading dense pufferfish index.
[2025-05-08 18:08:47.435] [jointLog] [info] done
[2025-05-08 18:08:47.479] [jointLog] [info] Index contained 37 targets
[2025-05-08 18:08:47.479] [jointLog] [info] Number of decoys : 0
[2025-05-08 18:09:57.689] [jointLog] [info] Computed 33 rich equivalence classes for further processing
[2025-05-08 18:09:57.689] [jointLog] [info] Counted 18,462 total reads in the equivalence classes 
[2025-05-08 18:09:57.692] [jointLog] [info] Number of mappings discarded because of alignment score : 10,770
[2025-05-08 18:09:57.692] [jointLog] [info] Number of fragments entirely discarded because of alignment score : 10,103
[2025-05-08 18:09:57.692] [jointLog] [info] Number of fragments discarded because they are best-mapped to decoys : 0
[2025-05-08 18:09:57.692] [jointLog] [info] Number of fragments discarded because they have only dovetail (discordant) mappings to valid targets : 1,457
[2025-05-08 18:09:57.692] [jointLog] [warning] Only 18462 fragments were mapped, but the number of burn-in fragments was set to 5000000.
The effective lengths have been computed using the observed mappings.

[2025-05-08 18:09:57.692] [jointLog] [info] Mapping rate = 0.0825278%

[2025-05-08 18:09:57.692] [jointLog] [info] finished quantifyLibrary()
[2025-05-08 18:09:57.693] [jointLog] [info] Starting optimizer
[2025-05-08 18:09:57.694] [jointLog] [info] Marked 0 weighted equivalence classes as degenerate
[2025-05-08 18:09:57.694] [jointLog] [info] iteration = 0 | max rel diff. = 165.263
[2025-05-08 18:09:57.696] [jointLog] [info] iteration = 100 | max rel diff. = 0
[2025-05-08 18:09:57.696] [jointLog] [info] Finished optimizer
[2025-05-08 18:09:57.696] [jointLog] [info] writing output 

[2025-05-08 18:09:57.690] [fileLog] [info] 
At end of round 0
==================
Observed 22370655 total fragments (22370655 in most recent round)

