[2025-04-11 12:06:22.071] [jointLog] [info] setting maxHashResizeThreads to 8
[2025-04-11 12:06:22.071] [jointLog] [info] Fragment incompatibility prior below threshold.  Incompatible fragments will be ignored.
[2025-04-11 12:06:22.071] [jointLog] [info] Setting consensusSlack to selective-alignment default of 0.35.
[2025-04-11 12:06:22.071] [jointLog] [info] parsing read library format
[2025-04-11 12:06:22.071] [jointLog] [info] There is 1 library.
[2025-04-11 12:06:22.073] [jointLog] [info] Loading pufferfish index
[2025-04-11 12:06:22.073] [jointLog] [info] Loading dense pufferfish index.
[2025-04-11 12:06:22.191] [jointLog] [info] done
[2025-04-11 12:06:22.235] [jointLog] [info] Index contained 9 targets
[2025-04-11 12:06:22.235] [jointLog] [info] Number of decoys : 0
[2025-04-11 12:09:20.232] [fileLog] [info] 
At end of round 0
==================
Observed 61930149 total fragments (61930149 in most recent round)

[2025-04-11 12:09:20.231] [jointLog] [info] Computed 3 rich equivalence classes for further processing
[2025-04-11 12:09:20.231] [jointLog] [info] Counted 1,426 total reads in the equivalence classes 
[2025-04-11 12:09:20.234] [jointLog] [info] Number of mappings discarded because of alignment score : 236
[2025-04-11 12:09:20.234] [jointLog] [info] Number of fragments entirely discarded because of alignment score : 204
[2025-04-11 12:09:20.234] [jointLog] [info] Number of fragments discarded because they are best-mapped to decoys : 0
[2025-04-11 12:09:20.234] [jointLog] [info] Number of fragments discarded because they have only dovetail (discordant) mappings to valid targets : 49
[2025-04-11 12:09:20.234] [jointLog] [warning] Only 1426 fragments were mapped, but the number of burn-in fragments was set to 5000000.
The effective lengths have been computed using the observed mappings.

[2025-04-11 12:09:20.234] [jointLog] [info] Mapping rate = 0.00230259%

[2025-04-11 12:09:20.234] [jointLog] [info] finished quantifyLibrary()
[2025-04-11 12:09:20.235] [jointLog] [info] Starting optimizer
[2025-04-11 12:09:20.237] [jointLog] [info] Marked 0 weighted equivalence classes as degenerate
[2025-04-11 12:09:20.237] [jointLog] [info] iteration = 0 | max rel diff. = 51.8133
[2025-04-11 12:09:20.237] [jointLog] [info] iteration = 100 | max rel diff. = 0
[2025-04-11 12:09:20.237] [jointLog] [info] Finished optimizer
[2025-04-11 12:09:20.237] [jointLog] [info] writing output 

