[2025-04-11 12:06:21.769] [jointLog] [info] setting maxHashResizeThreads to 8
[2025-04-11 12:06:21.769] [jointLog] [info] Fragment incompatibility prior below threshold.  Incompatible fragments will be ignored.
[2025-04-11 12:06:21.769] [jointLog] [info] Setting consensusSlack to selective-alignment default of 0.35.
[2025-04-11 12:06:21.769] [jointLog] [info] parsing read library format
[2025-04-11 12:06:21.770] [jointLog] [info] There is 1 library.
[2025-04-11 12:06:21.771] [jointLog] [info] Loading pufferfish index
[2025-04-11 12:06:21.772] [jointLog] [info] Loading dense pufferfish index.
[2025-04-11 12:06:22.190] [jointLog] [info] done
[2025-04-11 12:06:22.209] [jointLog] [info] Index contained 9 targets
[2025-04-11 12:06:22.209] [jointLog] [info] Number of decoys : 0
[2025-04-11 12:08:50.469] [fileLog] [info] 
At end of round 0
==================
Observed 51319655 total fragments (51319655 in most recent round)

[2025-04-11 12:08:50.468] [jointLog] [info] Computed 3 rich equivalence classes for further processing
[2025-04-11 12:08:50.468] [jointLog] [info] Counted 1,031 total reads in the equivalence classes 
[2025-04-11 12:08:50.471] [jointLog] [info] Number of mappings discarded because of alignment score : 166
[2025-04-11 12:08:50.471] [jointLog] [info] Number of fragments entirely discarded because of alignment score : 133
[2025-04-11 12:08:50.471] [jointLog] [info] Number of fragments discarded because they are best-mapped to decoys : 0
[2025-04-11 12:08:50.471] [jointLog] [info] Number of fragments discarded because they have only dovetail (discordant) mappings to valid targets : 29
[2025-04-11 12:08:50.472] [jointLog] [warning] Only 1031 fragments were mapped, but the number of burn-in fragments was set to 5000000.
The effective lengths have been computed using the observed mappings.

[2025-04-11 12:08:50.472] [jointLog] [info] Mapping rate = 0.00200898%

[2025-04-11 12:08:50.472] [jointLog] [info] finished quantifyLibrary()
[2025-04-11 12:08:50.472] [jointLog] [info] Starting optimizer
[2025-04-11 12:08:50.474] [jointLog] [info] Marked 0 weighted equivalence classes as degenerate
[2025-04-11 12:08:50.474] [jointLog] [info] iteration = 0 | max rel diff. = 13.3192
[2025-04-11 12:08:50.474] [jointLog] [info] iteration = 100 | max rel diff. = 0
[2025-04-11 12:08:50.474] [jointLog] [info] Finished optimizer
[2025-04-11 12:08:50.474] [jointLog] [info] writing output 

[2025-04-11 12:08:50.490] [jointLog] [warning] NOTE: Read Lib [[ fastq_files/SRR14426003_1.fastq, fastq_files/SRR14426003_2.fastq]] :

Detected a *potential* strand bias > 1% in an unstranded protocol check the file: salmon_output05/SRR14426003_quant/lib_format_counts.json for details

