[2025-04-11 21:01:20.665] [jointLog] [info] setting maxHashResizeThreads to 8
[2025-04-11 21:01:20.665] [jointLog] [info] Fragment incompatibility prior below threshold.  Incompatible fragments will be ignored.
[2025-04-11 21:01:20.665] [jointLog] [info] Usage of --validateMappings implies use of minScoreFraction. Since not explicitly specified, it is being set to 0.65
[2025-04-11 21:01:20.665] [jointLog] [info] Setting consensusSlack to selective-alignment default of 0.35.
[2025-04-11 21:01:20.665] [jointLog] [info] parsing read library format
[2025-04-11 21:01:20.665] [jointLog] [info] There is 1 library.
[2025-04-11 21:01:20.667] [jointLog] [info] Loading pufferfish index
[2025-04-11 21:01:20.667] [jointLog] [info] Loading dense pufferfish index.
[2025-04-11 21:01:20.752] [jointLog] [info] done
[2025-04-11 21:01:20.787] [jointLog] [info] Index contained 9 targets
[2025-04-11 21:01:20.787] [jointLog] [info] Number of decoys : 0
[2025-04-11 21:03:51.950] [jointLog] [info] Computed 3 rich equivalence classes for further processing
[2025-04-11 21:03:51.950] [jointLog] [info] Counted 1,069 total reads in the equivalence classes 
[2025-04-11 21:03:51.953] [jointLog] [info] Number of mappings discarded because of alignment score : 314
[2025-04-11 21:03:51.953] [jointLog] [info] Number of fragments entirely discarded because of alignment score : 272
[2025-04-11 21:03:51.953] [jointLog] [info] Number of fragments discarded because they are best-mapped to decoys : 0
[2025-04-11 21:03:51.953] [jointLog] [info] Number of fragments discarded because they have only dovetail (discordant) mappings to valid targets : 35
[2025-04-11 21:03:51.953] [jointLog] [warning] Only 1069 fragments were mapped, but the number of burn-in fragments was set to 5000000.
The effective lengths have been computed using the observed mappings.

[2025-04-11 21:03:51.953] [jointLog] [info] Mapping rate = 0.00208743%

[2025-04-11 21:03:51.953] [jointLog] [info] finished quantifyLibrary()
[2025-04-11 21:03:51.954] [jointLog] [info] Starting optimizer
[2025-04-11 21:03:51.956] [jointLog] [info] Marked 0 weighted equivalence classes as degenerate
[2025-04-11 21:03:51.956] [jointLog] [info] iteration = 0 | max rel diff. = 15.9679
[2025-04-11 21:03:51.956] [jointLog] [info] iteration = 100 | max rel diff. = 0
[2025-04-11 21:03:51.956] [jointLog] [info] Finished optimizer
[2025-04-11 21:03:51.956] [jointLog] [info] writing output 

[2025-04-11 21:03:51.951] [fileLog] [info] 
At end of round 0
==================
Observed 51211200 total fragments (51211200 in most recent round)

