[2025-04-10 22:39:34.008] [jointLog] [info] setting maxHashResizeThreads to 8
[2025-04-10 22:39:34.008] [jointLog] [info] Fragment incompatibility prior below threshold.  Incompatible fragments will be ignored.
[2025-04-10 22:39:34.008] [jointLog] [info] Usage of --validateMappings implies use of minScoreFraction. Since not explicitly specified, it is being set to 0.65
[2025-04-10 22:39:34.008] [jointLog] [info] Setting consensusSlack to selective-alignment default of 0.35.
[2025-04-10 22:39:34.008] [jointLog] [info] parsing read library format
[2025-04-10 22:39:34.009] [jointLog] [info] There is 1 library.
[2025-04-10 22:39:34.037] [jointLog] [info] Loading pufferfish index
[2025-04-10 22:39:34.038] [jointLog] [info] Loading dense pufferfish index.
[2025-04-10 22:39:34.046] [jointLog] [info] done
[2025-04-10 22:39:34.065] [jointLog] [info] Index contained 9 targets
[2025-04-10 22:39:34.065] [jointLog] [info] Number of decoys : 0
[2025-04-10 22:41:52.465] [fileLog] [info] 
At end of round 0
==================
Observed 47714725 total fragments (47714725 in most recent round)

[2025-04-10 22:41:52.464] [jointLog] [info] Computed 3 rich equivalence classes for further processing
[2025-04-10 22:41:52.464] [jointLog] [info] Counted 816 total reads in the equivalence classes 
[2025-04-10 22:41:52.467] [jointLog] [info] Number of mappings discarded because of alignment score : 210
[2025-04-10 22:41:52.467] [jointLog] [info] Number of fragments entirely discarded because of alignment score : 177
[2025-04-10 22:41:52.467] [jointLog] [info] Number of fragments discarded because they are best-mapped to decoys : 0
[2025-04-10 22:41:52.467] [jointLog] [info] Number of fragments discarded because they have only dovetail (discordant) mappings to valid targets : 23
[2025-04-10 22:41:52.467] [jointLog] [warning] Only 816 fragments were mapped, but the number of burn-in fragments was set to 5000000.
The effective lengths have been computed using the observed mappings.

[2025-04-10 22:41:52.467] [jointLog] [info] Mapping rate = 0.00171016%

[2025-04-10 22:41:52.467] [jointLog] [info] finished quantifyLibrary()
[2025-04-10 22:41:52.468] [jointLog] [info] Starting optimizer
[2025-04-10 22:41:52.470] [jointLog] [info] Marked 0 weighted equivalence classes as degenerate
[2025-04-10 22:41:52.470] [jointLog] [info] iteration = 0 | max rel diff. = 17.1331
[2025-04-10 22:41:52.470] [jointLog] [info] iteration = 100 | max rel diff. = 0
[2025-04-10 22:41:52.470] [jointLog] [info] Finished optimizer
[2025-04-10 22:41:52.470] [jointLog] [info] writing output 

[2025-04-10 22:41:52.471] [jointLog] [warning] NOTE: Read Lib [[ fastq_files/SRR14425955_1.fastq, fastq_files/SRR14425955_2.fastq]] :

Detected a *potential* strand bias > 1% in an unstranded protocol check the file: salmon_output/SRR14425955_quant/lib_format_counts.json for details

