[2025-04-11 13:01:45.399] [jointLog] [info] setting maxHashResizeThreads to 8
[2025-04-11 13:01:45.399] [jointLog] [info] Fragment incompatibility prior below threshold.  Incompatible fragments will be ignored.
[2025-04-11 13:01:45.399] [jointLog] [info] Setting consensusSlack to selective-alignment default of 0.35.
[2025-04-11 13:01:45.399] [jointLog] [info] parsing read library format
[2025-04-11 13:01:45.399] [jointLog] [info] There is 1 library.
[2025-04-11 13:01:45.419] [jointLog] [info] Loading pufferfish index
[2025-04-11 13:01:45.435] [jointLog] [info] Loading dense pufferfish index.
[2025-04-11 13:01:45.632] [jointLog] [info] done
[2025-04-11 13:01:45.687] [jointLog] [info] Index contained 9 targets
[2025-04-11 13:01:45.687] [jointLog] [info] Number of decoys : 0
[2025-04-11 13:02:50.251] [jointLog] [info] Computed 2 rich equivalence classes for further processing
[2025-04-11 13:02:50.251] [jointLog] [info] Counted 356 total reads in the equivalence classes 
[2025-04-11 13:02:50.254] [jointLog] [info] Number of mappings discarded because of alignment score : 84
[2025-04-11 13:02:50.254] [jointLog] [info] Number of fragments entirely discarded because of alignment score : 62
[2025-04-11 13:02:50.254] [jointLog] [info] Number of fragments discarded because they are best-mapped to decoys : 0
[2025-04-11 13:02:50.254] [jointLog] [info] Number of fragments discarded because they have only dovetail (discordant) mappings to valid targets : 36
[2025-04-11 13:02:50.254] [jointLog] [warning] Only 356 fragments were mapped, but the number of burn-in fragments was set to 5000000.
The effective lengths have been computed using the observed mappings.

[2025-04-11 13:02:50.254] [jointLog] [info] Mapping rate = 0.00156607%

[2025-04-11 13:02:50.254] [jointLog] [info] finished quantifyLibrary()
[2025-04-11 13:02:50.255] [jointLog] [info] Starting optimizer
[2025-04-11 13:02:50.257] [jointLog] [info] Marked 0 weighted equivalence classes as degenerate
[2025-04-11 13:02:50.257] [jointLog] [info] iteration = 0 | max rel diff. = 1.32679
[2025-04-11 13:02:50.257] [jointLog] [info] iteration = 100 | max rel diff. = 0
[2025-04-11 13:02:50.257] [jointLog] [info] Finished optimizer
[2025-04-11 13:02:50.257] [jointLog] [info] writing output 

[2025-04-11 13:02:50.258] [jointLog] [warning] NOTE: Read Lib [[ fastq_files/SRR21480285_1.fastq, fastq_files/SRR21480285_2.fastq]] :

Detected a *potential* strand bias > 1% in an unstranded protocol check the file: salmon_output05/SRR21480285_quant/lib_format_counts.json for details

[2025-04-11 13:02:50.252] [fileLog] [info] 
At end of round 0
==================
Observed 22732085 total fragments (22732085 in most recent round)

