[2025-04-11 12:05:16.747] [jointLog] [info] setting maxHashResizeThreads to 8
[2025-04-11 12:05:16.747] [jointLog] [info] Fragment incompatibility prior below threshold.  Incompatible fragments will be ignored.
[2025-04-11 12:05:16.747] [jointLog] [info] Setting consensusSlack to selective-alignment default of 0.35.
[2025-04-11 12:05:16.747] [jointLog] [info] parsing read library format
[2025-04-11 12:05:16.747] [jointLog] [info] There is 1 library.
[2025-04-11 12:05:16.749] [jointLog] [info] Loading pufferfish index
[2025-04-11 12:05:16.750] [jointLog] [info] Loading dense pufferfish index.
[2025-04-11 12:05:16.842] [jointLog] [info] done
[2025-04-11 12:05:16.860] [jointLog] [info] Index contained 9 targets
[2025-04-11 12:05:16.860] [jointLog] [info] Number of decoys : 0
[2025-04-11 12:08:17.504] [jointLog] [info] Computed 3 rich equivalence classes for further processing
[2025-04-11 12:08:17.504] [jointLog] [info] Counted 1,139 total reads in the equivalence classes 
[2025-04-11 12:08:17.507] [jointLog] [info] Number of mappings discarded because of alignment score : 187
[2025-04-11 12:08:17.507] [jointLog] [info] Number of fragments entirely discarded because of alignment score : 155
[2025-04-11 12:08:17.507] [jointLog] [info] Number of fragments discarded because they are best-mapped to decoys : 0
[2025-04-11 12:08:17.507] [jointLog] [info] Number of fragments discarded because they have only dovetail (discordant) mappings to valid targets : 24
[2025-04-11 12:08:17.507] [jointLog] [warning] Only 1139 fragments were mapped, but the number of burn-in fragments was set to 5000000.
The effective lengths have been computed using the observed mappings.

[2025-04-11 12:08:17.507] [jointLog] [info] Mapping rate = 0.00181947%

[2025-04-11 12:08:17.507] [jointLog] [info] finished quantifyLibrary()
[2025-04-11 12:08:17.508] [jointLog] [info] Starting optimizer
[2025-04-11 12:08:17.509] [jointLog] [info] Marked 0 weighted equivalence classes as degenerate
[2025-04-11 12:08:17.509] [jointLog] [info] iteration = 0 | max rel diff. = 14.8191
[2025-04-11 12:08:17.510] [jointLog] [info] iteration = 100 | max rel diff. = 0
[2025-04-11 12:08:17.510] [jointLog] [info] Finished optimizer
[2025-04-11 12:08:17.510] [jointLog] [info] writing output 

[2025-04-11 12:08:17.511] [jointLog] [warning] NOTE: Read Lib [[ fastq_files/SRR14425980_1.fastq, fastq_files/SRR14425980_2.fastq]] :

Detected a *potential* strand bias > 1% in an unstranded protocol check the file: salmon_output05/SRR14425980_quant/lib_format_counts.json for details

[2025-04-11 12:08:17.505] [fileLog] [info] 
At end of round 0
==================
Observed 62600493 total fragments (62600493 in most recent round)

