[2025-04-11 12:03:56.505] [jointLog] [info] setting maxHashResizeThreads to 8
[2025-04-11 12:03:56.505] [jointLog] [info] Fragment incompatibility prior below threshold.  Incompatible fragments will be ignored.
[2025-04-11 12:03:56.505] [jointLog] [info] Setting consensusSlack to selective-alignment default of 0.35.
[2025-04-11 12:03:56.505] [jointLog] [info] parsing read library format
[2025-04-11 12:03:56.505] [jointLog] [info] There is 1 library.
[2025-04-11 12:03:56.506] [jointLog] [info] Loading pufferfish index
[2025-04-11 12:03:56.506] [jointLog] [info] Loading dense pufferfish index.
[2025-04-11 12:03:56.508] [jointLog] [info] done
[2025-04-11 12:03:56.537] [jointLog] [info] Index contained 9 targets
[2025-04-11 12:03:56.537] [jointLog] [info] Number of decoys : 0
[2025-04-11 12:06:43.723] [jointLog] [info] Computed 3 rich equivalence classes for further processing
[2025-04-11 12:06:43.723] [jointLog] [info] Counted 1,371 total reads in the equivalence classes 
[2025-04-11 12:06:43.726] [jointLog] [info] Number of mappings discarded because of alignment score : 270
[2025-04-11 12:06:43.726] [jointLog] [info] Number of fragments entirely discarded because of alignment score : 233
[2025-04-11 12:06:43.726] [jointLog] [info] Number of fragments discarded because they are best-mapped to decoys : 0
[2025-04-11 12:06:43.726] [jointLog] [info] Number of fragments discarded because they have only dovetail (discordant) mappings to valid targets : 28
[2025-04-11 12:06:43.726] [jointLog] [warning] Only 1371 fragments were mapped, but the number of burn-in fragments was set to 5000000.
The effective lengths have been computed using the observed mappings.

[2025-04-11 12:06:43.726] [jointLog] [info] Mapping rate = 0.00244166%

[2025-04-11 12:06:43.726] [jointLog] [info] finished quantifyLibrary()
[2025-04-11 12:06:43.727] [jointLog] [info] Starting optimizer
[2025-04-11 12:06:43.728] [jointLog] [info] Marked 0 weighted equivalence classes as degenerate
[2025-04-11 12:06:43.728] [jointLog] [info] iteration = 0 | max rel diff. = 20.7613
[2025-04-11 12:06:43.728] [jointLog] [info] iteration = 100 | max rel diff. = 0
[2025-04-11 12:06:43.728] [jointLog] [info] Finished optimizer
[2025-04-11 12:06:43.728] [jointLog] [info] writing output 

[2025-04-11 12:06:43.724] [fileLog] [info] 
At end of round 0
==================
Observed 56150380 total fragments (56150380 in most recent round)

