[2025-05-08 17:25:51.530] [jointLog] [info] setting maxHashResizeThreads to 8
[2025-05-08 17:25:51.530] [jointLog] [info] Fragment incompatibility prior below threshold.  Incompatible fragments will be ignored.
[2025-05-08 17:25:51.530] [jointLog] [info] Usage of --validateMappings implies use of minScoreFraction. Since not explicitly specified, it is being set to 0.65
[2025-05-08 17:25:51.530] [jointLog] [info] Setting consensusSlack to selective-alignment default of 0.35.
[2025-05-08 17:25:51.530] [jointLog] [info] parsing read library format
[2025-05-08 17:25:51.530] [jointLog] [info] There is 1 library.
[2025-05-08 17:25:51.579] [jointLog] [info] Loading pufferfish index
[2025-05-08 17:25:51.589] [jointLog] [info] Loading dense pufferfish index.
[2025-05-08 17:25:51.846] [jointLog] [info] done
[2025-05-08 17:25:51.865] [jointLog] [info] Index contained 37 targets
[2025-05-08 17:25:51.865] [jointLog] [info] Number of decoys : 0
[2025-05-08 17:28:05.551] [fileLog] [info] 
At end of round 0
==================
Observed 44637490 total fragments (44637490 in most recent round)

[2025-05-08 17:28:05.550] [jointLog] [info] Computed 33 rich equivalence classes for further processing
[2025-05-08 17:28:05.550] [jointLog] [info] Counted 24,284 total reads in the equivalence classes 
[2025-05-08 17:28:05.553] [jointLog] [info] Number of mappings discarded because of alignment score : 12,662
[2025-05-08 17:28:05.553] [jointLog] [info] Number of fragments entirely discarded because of alignment score : 12,215
[2025-05-08 17:28:05.553] [jointLog] [info] Number of fragments discarded because they are best-mapped to decoys : 0
[2025-05-08 17:28:05.553] [jointLog] [info] Number of fragments discarded because they have only dovetail (discordant) mappings to valid targets : 863
[2025-05-08 17:28:05.553] [jointLog] [warning] Only 24284 fragments were mapped, but the number of burn-in fragments was set to 5000000.
The effective lengths have been computed using the observed mappings.

[2025-05-08 17:28:05.553] [jointLog] [info] Mapping rate = 0.0544027%

[2025-05-08 17:28:05.553] [jointLog] [info] finished quantifyLibrary()
[2025-05-08 17:28:05.570] [jointLog] [info] Starting optimizer
[2025-05-08 17:28:05.571] [jointLog] [info] Marked 0 weighted equivalence classes as degenerate
[2025-05-08 17:28:05.572] [jointLog] [info] iteration = 0 | max rel diff. = 92.7156
[2025-05-08 17:28:05.574] [jointLog] [info] iteration = 100 | max rel diff. = 0
[2025-05-08 17:28:05.574] [jointLog] [info] Finished optimizer
[2025-05-08 17:28:05.574] [jointLog] [info] writing output 

