[2025-04-11 20:56:19.136] [jointLog] [info] setting maxHashResizeThreads to 8
[2025-04-11 20:56:19.136] [jointLog] [info] Fragment incompatibility prior below threshold.  Incompatible fragments will be ignored.
[2025-04-11 20:56:19.136] [jointLog] [info] Usage of --validateMappings implies use of minScoreFraction. Since not explicitly specified, it is being set to 0.65
[2025-04-11 20:56:19.136] [jointLog] [info] Setting consensusSlack to selective-alignment default of 0.35.
[2025-04-11 20:56:19.136] [jointLog] [info] parsing read library format
[2025-04-11 20:56:19.136] [jointLog] [info] There is 1 library.
[2025-04-11 20:56:19.165] [jointLog] [info] Loading pufferfish index
[2025-04-11 20:56:19.217] [jointLog] [info] Loading dense pufferfish index.
[2025-04-11 20:56:19.409] [jointLog] [info] done
[2025-04-11 20:56:19.464] [jointLog] [info] Index contained 9 targets
[2025-04-11 20:56:19.464] [jointLog] [info] Number of decoys : 0
[2025-04-11 20:58:28.885] [jointLog] [info] Computed 2 rich equivalence classes for further processing
[2025-04-11 20:58:28.885] [jointLog] [info] Counted 1,083 total reads in the equivalence classes 
[2025-04-11 20:58:28.888] [jointLog] [info] Number of mappings discarded because of alignment score : 303
[2025-04-11 20:58:28.888] [jointLog] [info] Number of fragments entirely discarded because of alignment score : 251
[2025-04-11 20:58:28.888] [jointLog] [info] Number of fragments discarded because they are best-mapped to decoys : 0
[2025-04-11 20:58:28.888] [jointLog] [info] Number of fragments discarded because they have only dovetail (discordant) mappings to valid targets : 36
[2025-04-11 20:58:28.889] [jointLog] [warning] Only 1083 fragments were mapped, but the number of burn-in fragments was set to 5000000.
The effective lengths have been computed using the observed mappings.

[2025-04-11 20:58:28.889] [jointLog] [info] Mapping rate = 0.00242621%

[2025-04-11 20:58:28.889] [jointLog] [info] finished quantifyLibrary()
[2025-04-11 20:58:28.889] [jointLog] [info] Starting optimizer
[2025-04-11 20:58:28.891] [jointLog] [info] Marked 0 weighted equivalence classes as degenerate
[2025-04-11 20:58:28.891] [jointLog] [info] iteration = 0 | max rel diff. = 16.1901
[2025-04-11 20:58:28.891] [jointLog] [info] iteration = 100 | max rel diff. = 0
[2025-04-11 20:58:28.891] [jointLog] [info] Finished optimizer
[2025-04-11 20:58:28.891] [jointLog] [info] writing output 

[2025-04-11 20:58:28.892] [jointLog] [warning] NOTE: Read Lib [[ fastq_files/SRR14425951_1.fastq, fastq_files/SRR14425951_2.fastq]] :

Detected a *potential* strand bias > 1% in an unstranded protocol check the file: salmon_output_soft/SRR14425951_quant/lib_format_counts.json for details

[2025-04-11 20:58:28.886] [fileLog] [info] 
At end of round 0
==================
Observed 44637490 total fragments (44637490 in most recent round)

