[2025-04-11 13:02:30.259] [jointLog] [info] setting maxHashResizeThreads to 8
[2025-04-11 13:02:30.259] [jointLog] [info] Fragment incompatibility prior below threshold.  Incompatible fragments will be ignored.
[2025-04-11 13:02:30.259] [jointLog] [info] Setting consensusSlack to selective-alignment default of 0.35.
[2025-04-11 13:02:30.259] [jointLog] [info] parsing read library format
[2025-04-11 13:02:30.259] [jointLog] [info] There is 1 library.
[2025-04-11 13:02:30.259] [jointLog] [info] Loading pufferfish index
[2025-04-11 13:02:30.259] [jointLog] [info] Loading dense pufferfish index.
[2025-04-11 13:02:30.262] [jointLog] [info] done
[2025-04-11 13:02:30.301] [jointLog] [info] Index contained 9 targets
[2025-04-11 13:02:30.301] [jointLog] [info] Number of decoys : 0
[2025-04-11 13:03:06.275] [fileLog] [info] 
At end of round 0
==================
Observed 21439640 total fragments (21439640 in most recent round)

[2025-04-11 13:03:06.274] [jointLog] [info] Computed 3 rich equivalence classes for further processing
[2025-04-11 13:03:06.274] [jointLog] [info] Counted 1,324 total reads in the equivalence classes 
[2025-04-11 13:03:06.277] [jointLog] [info] Number of mappings discarded because of alignment score : 67
[2025-04-11 13:03:06.277] [jointLog] [info] Number of fragments entirely discarded because of alignment score : 59
[2025-04-11 13:03:06.277] [jointLog] [info] Number of fragments discarded because they are best-mapped to decoys : 0
[2025-04-11 13:03:06.277] [jointLog] [info] Number of fragments discarded because they have only dovetail (discordant) mappings to valid targets : 7
[2025-04-11 13:03:06.277] [jointLog] [warning] Only 1324 fragments were mapped, but the number of burn-in fragments was set to 5000000.
The effective lengths have been computed using the observed mappings.

[2025-04-11 13:03:06.277] [jointLog] [info] Mapping rate = 0.00617548%

[2025-04-11 13:03:06.277] [jointLog] [info] finished quantifyLibrary()
[2025-04-11 13:03:06.278] [jointLog] [info] Starting optimizer
[2025-04-11 13:03:06.279] [jointLog] [info] Marked 0 weighted equivalence classes as degenerate
[2025-04-11 13:03:06.279] [jointLog] [info] iteration = 0 | max rel diff. = 20.0153
[2025-04-11 13:03:06.279] [jointLog] [info] iteration = 100 | max rel diff. = 0
[2025-04-11 13:03:06.279] [jointLog] [info] Finished optimizer
[2025-04-11 13:03:06.279] [jointLog] [info] writing output 

[2025-04-11 13:03:06.296] [jointLog] [warning] NOTE: Read Lib [[ fastq_files/SRR7124943_1.fastq, fastq_files/SRR7124943_2.fastq]] :

Detected a *potential* strand bias > 1% in an unstranded protocol check the file: salmon_output05/SRR7124943_quant/lib_format_counts.json for details

