[2025-04-11 21:08:39.109] [jointLog] [info] setting maxHashResizeThreads to 8
[2025-04-11 21:08:39.109] [jointLog] [info] Fragment incompatibility prior below threshold.  Incompatible fragments will be ignored.
[2025-04-11 21:08:39.109] [jointLog] [info] Usage of --validateMappings implies use of minScoreFraction. Since not explicitly specified, it is being set to 0.65
[2025-04-11 21:08:39.109] [jointLog] [info] Setting consensusSlack to selective-alignment default of 0.35.
[2025-04-11 21:08:39.109] [jointLog] [info] parsing read library format
[2025-04-11 21:08:39.109] [jointLog] [info] There is 1 library.
[2025-04-11 21:08:39.110] [jointLog] [info] Loading pufferfish index
[2025-04-11 21:08:39.110] [jointLog] [info] Loading dense pufferfish index.
[2025-04-11 21:08:39.112] [jointLog] [info] done
[2025-04-11 21:08:39.153] [jointLog] [info] Index contained 9 targets
[2025-04-11 21:08:39.154] [jointLog] [info] Number of decoys : 0
[2025-04-11 21:09:41.757] [fileLog] [info] 
At end of round 0
==================
Observed 21552858 total fragments (21552858 in most recent round)

[2025-04-11 21:09:41.756] [jointLog] [info] Computed 3 rich equivalence classes for further processing
[2025-04-11 21:09:41.756] [jointLog] [info] Counted 521 total reads in the equivalence classes 
[2025-04-11 21:09:41.759] [jointLog] [info] Number of mappings discarded because of alignment score : 119
[2025-04-11 21:09:41.759] [jointLog] [info] Number of fragments entirely discarded because of alignment score : 98
[2025-04-11 21:09:41.759] [jointLog] [info] Number of fragments discarded because they are best-mapped to decoys : 0
[2025-04-11 21:09:41.759] [jointLog] [info] Number of fragments discarded because they have only dovetail (discordant) mappings to valid targets : 31
[2025-04-11 21:09:41.760] [jointLog] [warning] Only 521 fragments were mapped, but the number of burn-in fragments was set to 5000000.
The effective lengths have been computed using the observed mappings.

[2025-04-11 21:09:41.760] [jointLog] [info] Mapping rate = 0.00241731%

[2025-04-11 21:09:41.760] [jointLog] [info] finished quantifyLibrary()
[2025-04-11 21:09:41.760] [jointLog] [info] Starting optimizer
[2025-04-11 21:09:41.761] [jointLog] [info] Marked 0 weighted equivalence classes as degenerate
[2025-04-11 21:09:41.761] [jointLog] [info] iteration = 0 | max rel diff. = 7.26977
[2025-04-11 21:09:41.761] [jointLog] [info] iteration = 100 | max rel diff. = 0
[2025-04-11 21:09:41.762] [jointLog] [info] Finished optimizer
[2025-04-11 21:09:41.762] [jointLog] [info] writing output 

[2025-04-11 21:09:41.763] [jointLog] [warning] NOTE: Read Lib [[ fastq_files/SRR21480283_1.fastq, fastq_files/SRR21480283_2.fastq]] :

Detected a *potential* strand bias > 1% in an unstranded protocol check the file: salmon_output_soft/SRR21480283_quant/lib_format_counts.json for details

