[2025-05-08 18:06:52.364] [jointLog] [info] setting maxHashResizeThreads to 8
[2025-05-08 18:06:52.364] [jointLog] [info] Fragment incompatibility prior below threshold.  Incompatible fragments will be ignored.
[2025-05-08 18:06:52.364] [jointLog] [info] Usage of --validateMappings implies use of minScoreFraction. Since not explicitly specified, it is being set to 0.65
[2025-05-08 18:06:52.364] [jointLog] [info] Setting consensusSlack to selective-alignment default of 0.35.
[2025-05-08 18:06:52.364] [jointLog] [info] parsing read library format
[2025-05-08 18:06:52.364] [jointLog] [info] There is 1 library.
[2025-05-08 18:06:52.364] [jointLog] [info] Loading pufferfish index
[2025-05-08 18:06:52.364] [jointLog] [info] Loading dense pufferfish index.
[2025-05-08 18:06:52.367] [jointLog] [info] done
[2025-05-08 18:06:52.385] [jointLog] [info] Index contained 37 targets
[2025-05-08 18:06:52.385] [jointLog] [info] Number of decoys : 0
[2025-05-08 18:09:22.305] [fileLog] [info] 
At end of round 0
==================
Observed 51211200 total fragments (51211200 in most recent round)

[2025-05-08 18:09:22.304] [jointLog] [info] Computed 34 rich equivalence classes for further processing
[2025-05-08 18:09:22.304] [jointLog] [info] Counted 30,567 total reads in the equivalence classes 
[2025-05-08 18:09:22.307] [jointLog] [info] Number of mappings discarded because of alignment score : 16,372
[2025-05-08 18:09:22.307] [jointLog] [info] Number of fragments entirely discarded because of alignment score : 15,954
[2025-05-08 18:09:22.307] [jointLog] [info] Number of fragments discarded because they are best-mapped to decoys : 0
[2025-05-08 18:09:22.307] [jointLog] [info] Number of fragments discarded because they have only dovetail (discordant) mappings to valid targets : 730
[2025-05-08 18:09:22.308] [jointLog] [warning] Only 30567 fragments were mapped, but the number of burn-in fragments was set to 5000000.
The effective lengths have been computed using the observed mappings.

[2025-05-08 18:09:22.308] [jointLog] [info] Mapping rate = 0.0596881%

[2025-05-08 18:09:22.308] [jointLog] [info] finished quantifyLibrary()
[2025-05-08 18:09:22.309] [jointLog] [info] Starting optimizer
[2025-05-08 18:09:22.310] [jointLog] [info] Marked 0 weighted equivalence classes as degenerate
[2025-05-08 18:09:22.310] [jointLog] [info] iteration = 0 | max rel diff. = 411.816
[2025-05-08 18:09:22.311] [jointLog] [info] iteration = 100 | max rel diff. = 0
[2025-05-08 18:09:22.311] [jointLog] [info] Finished optimizer
[2025-05-08 18:09:22.311] [jointLog] [info] writing output 

