[2025-04-11 12:01:35.138] [jointLog] [info] setting maxHashResizeThreads to 8
[2025-04-11 12:01:35.138] [jointLog] [info] Fragment incompatibility prior below threshold.  Incompatible fragments will be ignored.
[2025-04-11 12:01:35.138] [jointLog] [info] Setting consensusSlack to selective-alignment default of 0.35.
[2025-04-11 12:01:35.138] [jointLog] [info] parsing read library format
[2025-04-11 12:01:35.138] [jointLog] [info] There is 1 library.
[2025-04-11 12:01:35.182] [jointLog] [info] Loading pufferfish index
[2025-04-11 12:01:35.226] [jointLog] [info] Loading dense pufferfish index.
[2025-04-11 12:01:35.518] [jointLog] [info] done
[2025-04-11 12:01:35.797] [jointLog] [info] Index contained 9 targets
[2025-04-11 12:01:35.797] [jointLog] [info] Number of decoys : 0
[2025-04-11 12:03:47.599] [jointLog] [info] Computed 2 rich equivalence classes for further processing
[2025-04-11 12:03:47.599] [jointLog] [info] Counted 1,140 total reads in the equivalence classes 
[2025-04-11 12:03:47.602] [jointLog] [info] Number of mappings discarded because of alignment score : 240
[2025-04-11 12:03:47.602] [jointLog] [info] Number of fragments entirely discarded because of alignment score : 194
[2025-04-11 12:03:47.602] [jointLog] [info] Number of fragments discarded because they are best-mapped to decoys : 0
[2025-04-11 12:03:47.602] [jointLog] [info] Number of fragments discarded because they have only dovetail (discordant) mappings to valid targets : 36
[2025-04-11 12:03:47.602] [jointLog] [warning] Only 1140 fragments were mapped, but the number of burn-in fragments was set to 5000000.
The effective lengths have been computed using the observed mappings.

[2025-04-11 12:03:47.602] [jointLog] [info] Mapping rate = 0.00255391%

[2025-04-11 12:03:47.602] [jointLog] [info] finished quantifyLibrary()
[2025-04-11 12:03:47.603] [jointLog] [info] Starting optimizer
[2025-04-11 12:03:47.605] [jointLog] [info] Marked 0 weighted equivalence classes as degenerate
[2025-04-11 12:03:47.605] [jointLog] [info] iteration = 0 | max rel diff. = 17.0948
[2025-04-11 12:03:47.605] [jointLog] [info] iteration = 100 | max rel diff. = 0
[2025-04-11 12:03:47.605] [jointLog] [info] Finished optimizer
[2025-04-11 12:03:47.605] [jointLog] [info] writing output 

[2025-04-11 12:03:47.606] [jointLog] [warning] NOTE: Read Lib [[ fastq_files/SRR14425951_1.fastq, fastq_files/SRR14425951_2.fastq]] :

Detected a *potential* strand bias > 1% in an unstranded protocol check the file: salmon_output05/SRR14425951_quant/lib_format_counts.json for details

[2025-04-11 12:03:47.600] [fileLog] [info] 
At end of round 0
==================
Observed 44637490 total fragments (44637490 in most recent round)

