[2025-04-10 22:44:31.483] [jointLog] [info] setting maxHashResizeThreads to 8
[2025-04-10 22:44:31.483] [jointLog] [info] Fragment incompatibility prior below threshold.  Incompatible fragments will be ignored.
[2025-04-10 22:44:31.483] [jointLog] [info] Usage of --validateMappings implies use of minScoreFraction. Since not explicitly specified, it is being set to 0.65
[2025-04-10 22:44:31.483] [jointLog] [info] Setting consensusSlack to selective-alignment default of 0.35.
[2025-04-10 22:44:31.483] [jointLog] [info] parsing read library format
[2025-04-10 22:44:31.483] [jointLog] [info] There is 1 library.
[2025-04-10 22:44:31.483] [jointLog] [info] Loading pufferfish index
[2025-04-10 22:44:31.483] [jointLog] [info] Loading dense pufferfish index.
[2025-04-10 22:44:31.486] [jointLog] [info] done
[2025-04-10 22:44:31.547] [jointLog] [info] Index contained 9 targets
[2025-04-10 22:44:31.547] [jointLog] [info] Number of decoys : 0
[2025-04-10 22:45:42.936] [fileLog] [info] 
At end of round 0
==================
Observed 24560623 total fragments (24560623 in most recent round)

[2025-04-10 22:45:42.935] [jointLog] [info] Computed 3 rich equivalence classes for further processing
[2025-04-10 22:45:42.935] [jointLog] [info] Counted 452 total reads in the equivalence classes 
[2025-04-10 22:45:42.938] [jointLog] [info] Number of mappings discarded because of alignment score : 157
[2025-04-10 22:45:42.938] [jointLog] [info] Number of fragments entirely discarded because of alignment score : 115
[2025-04-10 22:45:42.938] [jointLog] [info] Number of fragments discarded because they are best-mapped to decoys : 0
[2025-04-10 22:45:42.938] [jointLog] [info] Number of fragments discarded because they have only dovetail (discordant) mappings to valid targets : 49
[2025-04-10 22:45:42.938] [jointLog] [warning] Only 452 fragments were mapped, but the number of burn-in fragments was set to 5000000.
The effective lengths have been computed using the observed mappings.

[2025-04-10 22:45:42.938] [jointLog] [info] Mapping rate = 0.00184034%

[2025-04-10 22:45:42.938] [jointLog] [info] finished quantifyLibrary()
[2025-04-10 22:45:42.939] [jointLog] [info] Starting optimizer
[2025-04-10 22:45:42.940] [jointLog] [info] Marked 0 weighted equivalence classes as degenerate
[2025-04-10 22:45:42.940] [jointLog] [info] iteration = 0 | max rel diff. = 49.2218
[2025-04-10 22:45:42.940] [jointLog] [info] iteration = 100 | max rel diff. = 0
[2025-04-10 22:45:42.940] [jointLog] [info] Finished optimizer
[2025-04-10 22:45:42.940] [jointLog] [info] writing output 

[2025-04-10 22:45:42.941] [jointLog] [warning] NOTE: Read Lib [[ fastq_files/SRR21480277_1.fastq, fastq_files/SRR21480277_2.fastq]] :

Detected a *potential* strand bias > 1% in an unstranded protocol check the file: salmon_output/SRR21480277_quant/lib_format_counts.json for details

