[2025-05-08 18:08:56.467] [jointLog] [info] setting maxHashResizeThreads to 8
[2025-05-08 18:08:56.467] [jointLog] [info] Fragment incompatibility prior below threshold.  Incompatible fragments will be ignored.
[2025-05-08 18:08:56.467] [jointLog] [info] Usage of --validateMappings implies use of minScoreFraction. Since not explicitly specified, it is being set to 0.65
[2025-05-08 18:08:56.467] [jointLog] [info] Setting consensusSlack to selective-alignment default of 0.35.
[2025-05-08 18:08:56.467] [jointLog] [info] parsing read library format
[2025-05-08 18:08:56.468] [jointLog] [info] There is 1 library.
[2025-05-08 18:08:56.470] [jointLog] [info] Loading pufferfish index
[2025-05-08 18:08:56.471] [jointLog] [info] Loading dense pufferfish index.
[2025-05-08 18:08:56.508] [jointLog] [info] done
[2025-05-08 18:08:56.562] [jointLog] [info] Index contained 37 targets
[2025-05-08 18:08:56.562] [jointLog] [info] Number of decoys : 0
[2025-05-08 18:10:12.984] [fileLog] [info] 
At end of round 0
==================
Observed 20929242 total fragments (20929242 in most recent round)

[2025-05-08 18:10:12.983] [jointLog] [info] Computed 34 rich equivalence classes for further processing
[2025-05-08 18:10:12.983] [jointLog] [info] Counted 16,541 total reads in the equivalence classes 
[2025-05-08 18:10:12.986] [jointLog] [info] Number of mappings discarded because of alignment score : 9,637
[2025-05-08 18:10:12.986] [jointLog] [info] Number of fragments entirely discarded because of alignment score : 8,896
[2025-05-08 18:10:12.986] [jointLog] [info] Number of fragments discarded because they are best-mapped to decoys : 0
[2025-05-08 18:10:12.986] [jointLog] [info] Number of fragments discarded because they have only dovetail (discordant) mappings to valid targets : 1,543
[2025-05-08 18:10:12.987] [jointLog] [warning] Only 16541 fragments were mapped, but the number of burn-in fragments was set to 5000000.
The effective lengths have been computed using the observed mappings.

[2025-05-08 18:10:12.987] [jointLog] [info] Mapping rate = 0.079033%

[2025-05-08 18:10:12.987] [jointLog] [info] finished quantifyLibrary()
[2025-05-08 18:10:12.987] [jointLog] [info] Starting optimizer
[2025-05-08 18:10:12.989] [jointLog] [info] Marked 0 weighted equivalence classes as degenerate
[2025-05-08 18:10:12.989] [jointLog] [info] iteration = 0 | max rel diff. = 445.906
[2025-05-08 18:10:12.991] [jointLog] [info] iteration = 100 | max rel diff. = 0
[2025-05-08 18:10:12.991] [jointLog] [info] Finished optimizer
[2025-05-08 18:10:12.991] [jointLog] [info] writing output 

