[2025-04-11 12:07:07.331] [jointLog] [info] setting maxHashResizeThreads to 8
[2025-04-11 12:07:07.331] [jointLog] [info] Fragment incompatibility prior below threshold.  Incompatible fragments will be ignored.
[2025-04-11 12:07:07.331] [jointLog] [info] Setting consensusSlack to selective-alignment default of 0.35.
[2025-04-11 12:07:07.331] [jointLog] [info] parsing read library format
[2025-04-11 12:07:07.331] [jointLog] [info] There is 1 library.
[2025-04-11 12:07:07.331] [jointLog] [info] Loading pufferfish index
[2025-04-11 12:07:07.331] [jointLog] [info] Loading dense pufferfish index.
[2025-04-11 12:07:07.334] [jointLog] [info] done
[2025-04-11 12:07:07.369] [jointLog] [info] Index contained 9 targets
[2025-04-11 12:07:07.369] [jointLog] [info] Number of decoys : 0
[2025-04-11 12:19:21.747] [fileLog] [info] 
At end of round 0
==================
Observed 51211200 total fragments (51211200 in most recent round)

[2025-04-11 12:19:21.746] [jointLog] [info] Computed 3 rich equivalence classes for further processing
[2025-04-11 12:19:21.746] [jointLog] [info] Counted 1,141 total reads in the equivalence classes 
[2025-04-11 12:19:21.749] [jointLog] [info] Number of mappings discarded because of alignment score : 235
[2025-04-11 12:19:21.749] [jointLog] [info] Number of fragments entirely discarded because of alignment score : 200
[2025-04-11 12:19:21.749] [jointLog] [info] Number of fragments discarded because they are best-mapped to decoys : 0
[2025-04-11 12:19:21.749] [jointLog] [info] Number of fragments discarded because they have only dovetail (discordant) mappings to valid targets : 35
[2025-04-11 12:19:21.749] [jointLog] [warning] Only 1141 fragments were mapped, but the number of burn-in fragments was set to 5000000.
The effective lengths have been computed using the observed mappings.

[2025-04-11 12:19:21.749] [jointLog] [info] Mapping rate = 0.00222803%

[2025-04-11 12:19:21.749] [jointLog] [info] finished quantifyLibrary()
[2025-04-11 12:19:21.750] [jointLog] [info] Starting optimizer
[2025-04-11 12:19:21.751] [jointLog] [info] Marked 0 weighted equivalence classes as degenerate
[2025-04-11 12:19:21.751] [jointLog] [info] iteration = 0 | max rel diff. = 17.1107
[2025-04-11 12:19:21.751] [jointLog] [info] iteration = 100 | max rel diff. = 0
[2025-04-11 12:19:21.751] [jointLog] [info] Finished optimizer
[2025-04-11 12:19:21.751] [jointLog] [info] writing output 

