[2025-04-10 22:40:29.643] [jointLog] [info] setting maxHashResizeThreads to 8
[2025-04-10 22:40:29.643] [jointLog] [info] Fragment incompatibility prior below threshold.  Incompatible fragments will be ignored.
[2025-04-10 22:40:29.643] [jointLog] [info] Usage of --validateMappings implies use of minScoreFraction. Since not explicitly specified, it is being set to 0.65
[2025-04-10 22:40:29.643] [jointLog] [info] Setting consensusSlack to selective-alignment default of 0.35.
[2025-04-10 22:40:29.643] [jointLog] [info] parsing read library format
[2025-04-10 22:40:29.643] [jointLog] [info] There is 1 library.
[2025-04-10 22:40:29.645] [jointLog] [info] Loading pufferfish index
[2025-04-10 22:40:29.646] [jointLog] [info] Loading dense pufferfish index.
[2025-04-10 22:40:29.689] [jointLog] [info] done
[2025-04-10 22:40:29.707] [jointLog] [info] Index contained 9 targets
[2025-04-10 22:40:29.707] [jointLog] [info] Number of decoys : 0
[2025-04-10 22:43:33.610] [fileLog] [info] 
At end of round 0
==================
Observed 62600493 total fragments (62600493 in most recent round)

[2025-04-10 22:43:33.609] [jointLog] [info] Computed 3 rich equivalence classes for further processing
[2025-04-10 22:43:33.609] [jointLog] [info] Counted 1,080 total reads in the equivalence classes 
[2025-04-10 22:43:33.612] [jointLog] [info] Number of mappings discarded because of alignment score : 250
[2025-04-10 22:43:33.612] [jointLog] [info] Number of fragments entirely discarded because of alignment score : 214
[2025-04-10 22:43:33.612] [jointLog] [info] Number of fragments discarded because they are best-mapped to decoys : 0
[2025-04-10 22:43:33.612] [jointLog] [info] Number of fragments discarded because they have only dovetail (discordant) mappings to valid targets : 24
[2025-04-10 22:43:33.612] [jointLog] [warning] Only 1080 fragments were mapped, but the number of burn-in fragments was set to 5000000.
The effective lengths have been computed using the observed mappings.

[2025-04-10 22:43:33.612] [jointLog] [info] Mapping rate = 0.00172523%

[2025-04-10 22:43:33.612] [jointLog] [info] finished quantifyLibrary()
[2025-04-10 22:43:33.618] [jointLog] [info] Starting optimizer
[2025-04-10 22:43:33.619] [jointLog] [info] Marked 0 weighted equivalence classes as degenerate
[2025-04-10 22:43:33.619] [jointLog] [info] iteration = 0 | max rel diff. = 13.9997
[2025-04-10 22:43:33.619] [jointLog] [info] iteration = 100 | max rel diff. = 0
[2025-04-10 22:43:33.619] [jointLog] [info] Finished optimizer
[2025-04-10 22:43:33.619] [jointLog] [info] writing output 

[2025-04-10 22:43:33.637] [jointLog] [warning] NOTE: Read Lib [[ fastq_files/SRR14425980_1.fastq, fastq_files/SRR14425980_2.fastq]] :

Detected a *potential* strand bias > 1% in an unstranded protocol check the file: salmon_output/SRR14425980_quant/lib_format_counts.json for details

