[2025-04-11 12:56:00.125] [jointLog] [info] setting maxHashResizeThreads to 8
[2025-04-11 12:56:00.125] [jointLog] [info] Fragment incompatibility prior below threshold.  Incompatible fragments will be ignored.
[2025-04-11 12:56:00.125] [jointLog] [info] Setting consensusSlack to selective-alignment default of 0.35.
[2025-04-11 12:56:00.125] [jointLog] [info] parsing read library format
[2025-04-11 12:56:00.125] [jointLog] [info] There is 1 library.
[2025-04-11 12:56:00.127] [jointLog] [info] Loading pufferfish index
[2025-04-11 12:56:00.127] [jointLog] [info] Loading dense pufferfish index.
[2025-04-11 12:56:00.233] [jointLog] [info] done
[2025-04-11 12:56:00.266] [jointLog] [info] Index contained 9 targets
[2025-04-11 12:56:00.266] [jointLog] [info] Number of decoys : 0
[2025-04-11 12:57:12.778] [fileLog] [info] 
At end of round 0
==================
Observed 22732085 total fragments (22732085 in most recent round)

[2025-04-11 12:57:12.777] [jointLog] [info] Computed 2 rich equivalence classes for further processing
[2025-04-11 12:57:12.777] [jointLog] [info] Counted 356 total reads in the equivalence classes 
[2025-04-11 12:57:12.780] [jointLog] [info] Number of mappings discarded because of alignment score : 84
[2025-04-11 12:57:12.780] [jointLog] [info] Number of fragments entirely discarded because of alignment score : 62
[2025-04-11 12:57:12.780] [jointLog] [info] Number of fragments discarded because they are best-mapped to decoys : 0
[2025-04-11 12:57:12.780] [jointLog] [info] Number of fragments discarded because they have only dovetail (discordant) mappings to valid targets : 36
[2025-04-11 12:57:12.780] [jointLog] [warning] Only 356 fragments were mapped, but the number of burn-in fragments was set to 5000000.
The effective lengths have been computed using the observed mappings.

[2025-04-11 12:57:12.780] [jointLog] [info] Mapping rate = 0.00156607%

[2025-04-11 12:57:12.780] [jointLog] [info] finished quantifyLibrary()
[2025-04-11 12:57:12.781] [jointLog] [info] Starting optimizer
[2025-04-11 12:57:12.782] [jointLog] [info] Marked 0 weighted equivalence classes as degenerate
[2025-04-11 12:57:12.782] [jointLog] [info] iteration = 0 | max rel diff. = 1.32679
[2025-04-11 12:57:12.783] [jointLog] [info] iteration = 100 | max rel diff. = 0
[2025-04-11 12:57:12.783] [jointLog] [info] Finished optimizer
[2025-04-11 12:57:12.783] [jointLog] [info] writing output 

[2025-04-11 12:57:12.784] [jointLog] [warning] NOTE: Read Lib [[ fastq_files/SRR21452238_1.fastq, fastq_files/SRR21452238_2.fastq]] :

Detected a *potential* strand bias > 1% in an unstranded protocol check the file: salmon_output05/SRR21452238_quant/lib_format_counts.json for details

