[2025-04-11 13:01:45.382] [jointLog] [info] setting maxHashResizeThreads to 8
[2025-04-11 13:01:45.382] [jointLog] [info] Fragment incompatibility prior below threshold.  Incompatible fragments will be ignored.
[2025-04-11 13:01:45.382] [jointLog] [info] Setting consensusSlack to selective-alignment default of 0.35.
[2025-04-11 13:01:45.382] [jointLog] [info] parsing read library format
[2025-04-11 13:01:45.382] [jointLog] [info] There is 1 library.
[2025-04-11 13:01:45.419] [jointLog] [info] Loading pufferfish index
[2025-04-11 13:01:45.435] [jointLog] [info] Loading dense pufferfish index.
[2025-04-11 13:01:45.632] [jointLog] [info] done
[2025-04-11 13:01:45.989] [jointLog] [info] Index contained 9 targets
[2025-04-11 13:01:45.989] [jointLog] [info] Number of decoys : 0
[2025-04-11 13:02:47.668] [jointLog] [info] Computed 3 rich equivalence classes for further processing
[2025-04-11 13:02:47.668] [jointLog] [info] Counted 338 total reads in the equivalence classes 
[2025-04-11 13:02:47.671] [jointLog] [info] Number of mappings discarded because of alignment score : 101
[2025-04-11 13:02:47.671] [jointLog] [info] Number of fragments entirely discarded because of alignment score : 78
[2025-04-11 13:02:47.671] [jointLog] [info] Number of fragments discarded because they are best-mapped to decoys : 0
[2025-04-11 13:02:47.671] [jointLog] [info] Number of fragments discarded because they have only dovetail (discordant) mappings to valid targets : 52
[2025-04-11 13:02:47.671] [jointLog] [warning] Only 338 fragments were mapped, but the number of burn-in fragments was set to 5000000.
The effective lengths have been computed using the observed mappings.

[2025-04-11 13:02:47.671] [jointLog] [info] Mapping rate = 0.00161497%

[2025-04-11 13:02:47.671] [jointLog] [info] finished quantifyLibrary()
[2025-04-11 13:02:47.672] [jointLog] [info] Starting optimizer
[2025-04-11 13:02:47.673] [jointLog] [info] Marked 0 weighted equivalence classes as degenerate
[2025-04-11 13:02:47.673] [jointLog] [info] iteration = 0 | max rel diff. = 5.25922
[2025-04-11 13:02:47.674] [jointLog] [info] iteration = 100 | max rel diff. = 0
[2025-04-11 13:02:47.674] [jointLog] [info] Finished optimizer
[2025-04-11 13:02:47.674] [jointLog] [info] writing output 

[2025-04-11 13:02:47.683] [jointLog] [warning] NOTE: Read Lib [[ fastq_files/SRR21480291_1.fastq, fastq_files/SRR21480291_2.fastq]] :

Detected a *potential* strand bias > 1% in an unstranded protocol check the file: salmon_output05/SRR21480291_quant/lib_format_counts.json for details

[2025-04-11 13:02:47.669] [fileLog] [info] 
At end of round 0
==================
Observed 20929242 total fragments (20929242 in most recent round)

