[2025-04-10 22:44:11.284] [jointLog] [info] setting maxHashResizeThreads to 8
[2025-04-10 22:44:11.284] [jointLog] [info] Fragment incompatibility prior below threshold.  Incompatible fragments will be ignored.
[2025-04-10 22:44:11.284] [jointLog] [info] Usage of --validateMappings implies use of minScoreFraction. Since not explicitly specified, it is being set to 0.65
[2025-04-10 22:44:11.284] [jointLog] [info] Setting consensusSlack to selective-alignment default of 0.35.
[2025-04-10 22:44:11.284] [jointLog] [info] parsing read library format
[2025-04-10 22:44:11.284] [jointLog] [info] There is 1 library.
[2025-04-10 22:44:11.285] [jointLog] [info] Loading pufferfish index
[2025-04-10 22:44:11.285] [jointLog] [info] Loading dense pufferfish index.
[2025-04-10 22:44:11.287] [jointLog] [info] done
[2025-04-10 22:44:11.342] [jointLog] [info] Index contained 9 targets
[2025-04-10 22:44:11.342] [jointLog] [info] Number of decoys : 0
[2025-04-10 22:45:13.985] [fileLog] [info] 
At end of round 0
==================
Observed 21623481 total fragments (21623481 in most recent round)

[2025-04-10 22:45:13.984] [jointLog] [info] Computed 3 rich equivalence classes for further processing
[2025-04-10 22:45:13.984] [jointLog] [info] Counted 289 total reads in the equivalence classes 
[2025-04-10 22:45:13.987] [jointLog] [info] Number of mappings discarded because of alignment score : 70
[2025-04-10 22:45:13.987] [jointLog] [info] Number of fragments entirely discarded because of alignment score : 53
[2025-04-10 22:45:13.987] [jointLog] [info] Number of fragments discarded because they are best-mapped to decoys : 0
[2025-04-10 22:45:13.987] [jointLog] [info] Number of fragments discarded because they have only dovetail (discordant) mappings to valid targets : 27
[2025-04-10 22:45:13.987] [jointLog] [warning] Only 289 fragments were mapped, but the number of burn-in fragments was set to 5000000.
The effective lengths have been computed using the observed mappings.

[2025-04-10 22:45:13.987] [jointLog] [info] Mapping rate = 0.00133651%

[2025-04-10 22:45:13.987] [jointLog] [info] finished quantifyLibrary()
[2025-04-10 22:45:13.988] [jointLog] [info] Starting optimizer
[2025-04-10 22:45:13.989] [jointLog] [info] Marked 0 weighted equivalence classes as degenerate
[2025-04-10 22:45:13.989] [jointLog] [info] iteration = 0 | max rel diff. = 31.1109
[2025-04-10 22:45:13.989] [jointLog] [info] iteration = 100 | max rel diff. = 0
[2025-04-10 22:45:13.990] [jointLog] [info] Finished optimizer
[2025-04-10 22:45:13.990] [jointLog] [info] writing output 

