[2025-04-11 12:54:40.477] [jointLog] [info] setting maxHashResizeThreads to 8
[2025-04-11 12:54:40.477] [jointLog] [info] Fragment incompatibility prior below threshold.  Incompatible fragments will be ignored.
[2025-04-11 12:54:40.477] [jointLog] [info] Setting consensusSlack to selective-alignment default of 0.35.
[2025-04-11 12:54:40.477] [jointLog] [info] parsing read library format
[2025-04-11 12:54:40.478] [jointLog] [info] There is 1 library.
[2025-04-11 12:54:40.478] [jointLog] [info] Loading pufferfish index
[2025-04-11 12:54:40.478] [jointLog] [info] Loading dense pufferfish index.
[2025-04-11 12:54:40.480] [jointLog] [info] done
[2025-04-11 12:54:40.582] [jointLog] [info] Index contained 9 targets
[2025-04-11 12:54:40.582] [jointLog] [info] Number of decoys : 0
[2025-04-11 12:58:23.345] [fileLog] [info] 
At end of round 0
==================
Observed 20348551 total fragments (20348551 in most recent round)

[2025-04-11 12:58:23.344] [jointLog] [info] Computed 3 rich equivalence classes for further processing
[2025-04-11 12:58:23.344] [jointLog] [info] Counted 502 total reads in the equivalence classes 
[2025-04-11 12:58:23.347] [jointLog] [info] Number of mappings discarded because of alignment score : 143
[2025-04-11 12:58:23.347] [jointLog] [info] Number of fragments entirely discarded because of alignment score : 120
[2025-04-11 12:58:23.347] [jointLog] [info] Number of fragments discarded because they are best-mapped to decoys : 0
[2025-04-11 12:58:23.347] [jointLog] [info] Number of fragments discarded because they have only dovetail (discordant) mappings to valid targets : 60
[2025-04-11 12:58:23.347] [jointLog] [warning] Only 502 fragments were mapped, but the number of burn-in fragments was set to 5000000.
The effective lengths have been computed using the observed mappings.

[2025-04-11 12:58:23.347] [jointLog] [info] Mapping rate = 0.00246701%

[2025-04-11 12:58:23.347] [jointLog] [info] finished quantifyLibrary()
[2025-04-11 12:58:23.360] [jointLog] [info] Starting optimizer
[2025-04-11 12:58:23.361] [jointLog] [info] Marked 0 weighted equivalence classes as degenerate
[2025-04-11 12:58:23.361] [jointLog] [info] iteration = 0 | max rel diff. = 1.32406
[2025-04-11 12:58:23.361] [jointLog] [info] iteration = 100 | max rel diff. = 0
[2025-04-11 12:58:23.361] [jointLog] [info] Finished optimizer
[2025-04-11 12:58:23.361] [jointLog] [info] writing output 

[2025-04-11 12:58:23.363] [jointLog] [warning] NOTE: Read Lib [[ fastq_files/SRR21452228_1.fastq, fastq_files/SRR21452228_2.fastq]] :

Detected a *potential* strand bias > 1% in an unstranded protocol check the file: salmon_output05/SRR21452228_quant/lib_format_counts.json for details

