[2025-04-11 21:01:20.690] [jointLog] [info] setting maxHashResizeThreads to 8
[2025-04-11 21:01:20.690] [jointLog] [info] Fragment incompatibility prior below threshold.  Incompatible fragments will be ignored.
[2025-04-11 21:01:20.690] [jointLog] [info] Usage of --validateMappings implies use of minScoreFraction. Since not explicitly specified, it is being set to 0.65
[2025-04-11 21:01:20.690] [jointLog] [info] Setting consensusSlack to selective-alignment default of 0.35.
[2025-04-11 21:01:20.690] [jointLog] [info] parsing read library format
[2025-04-11 21:01:20.690] [jointLog] [info] There is 1 library.
[2025-04-11 21:01:20.692] [jointLog] [info] Loading pufferfish index
[2025-04-11 21:01:20.693] [jointLog] [info] Loading dense pufferfish index.
[2025-04-11 21:01:20.752] [jointLog] [info] done
[2025-04-11 21:01:20.783] [jointLog] [info] Index contained 9 targets
[2025-04-11 21:01:20.783] [jointLog] [info] Number of decoys : 0
[2025-04-11 21:03:51.940] [jointLog] [info] Computed 2 rich equivalence classes for further processing
[2025-04-11 21:03:51.940] [jointLog] [info] Counted 610 total reads in the equivalence classes 
[2025-04-11 21:03:51.943] [jointLog] [info] Number of mappings discarded because of alignment score : 157
[2025-04-11 21:03:51.943] [jointLog] [info] Number of fragments entirely discarded because of alignment score : 136
[2025-04-11 21:03:51.943] [jointLog] [info] Number of fragments discarded because they are best-mapped to decoys : 0
[2025-04-11 21:03:51.943] [jointLog] [info] Number of fragments discarded because they have only dovetail (discordant) mappings to valid targets : 25
[2025-04-11 21:03:51.943] [jointLog] [warning] Only 610 fragments were mapped, but the number of burn-in fragments was set to 5000000.
The effective lengths have been computed using the observed mappings.

[2025-04-11 21:03:51.943] [jointLog] [info] Mapping rate = 0.00115331%

[2025-04-11 21:03:51.943] [jointLog] [info] finished quantifyLibrary()
[2025-04-11 21:03:51.954] [jointLog] [info] Starting optimizer
[2025-04-11 21:03:51.956] [jointLog] [info] Marked 0 weighted equivalence classes as degenerate
[2025-04-11 21:03:51.956] [jointLog] [info] iteration = 0 | max rel diff. = 3.84122
[2025-04-11 21:03:51.956] [jointLog] [info] iteration = 100 | max rel diff. = 0
[2025-04-11 21:03:51.956] [jointLog] [info] Finished optimizer
[2025-04-11 21:03:51.956] [jointLog] [info] writing output 

[2025-04-11 21:03:51.941] [fileLog] [info] 
At end of round 0
==================
Observed 52891271 total fragments (52891271 in most recent round)

