[2025-04-10 22:41:46.527] [jointLog] [info] setting maxHashResizeThreads to 8
[2025-04-10 22:41:46.527] [jointLog] [info] Fragment incompatibility prior below threshold.  Incompatible fragments will be ignored.
[2025-04-10 22:41:46.527] [jointLog] [info] Usage of --validateMappings implies use of minScoreFraction. Since not explicitly specified, it is being set to 0.65
[2025-04-10 22:41:46.527] [jointLog] [info] Setting consensusSlack to selective-alignment default of 0.35.
[2025-04-10 22:41:46.527] [jointLog] [info] parsing read library format
[2025-04-10 22:41:46.527] [jointLog] [info] There is 1 library.
[2025-04-10 22:41:46.529] [jointLog] [info] Loading pufferfish index
[2025-04-10 22:41:46.556] [jointLog] [info] Loading dense pufferfish index.
[2025-04-10 22:41:46.659] [jointLog] [info] done
[2025-04-10 22:41:46.734] [jointLog] [info] Index contained 9 targets
[2025-04-10 22:41:46.734] [jointLog] [info] Number of decoys : 0
[2025-04-10 22:44:05.633] [fileLog] [info] 
At end of round 0
==================
Observed 46993446 total fragments (46993446 in most recent round)

[2025-04-10 22:44:05.632] [jointLog] [info] Computed 3 rich equivalence classes for further processing
[2025-04-10 22:44:05.632] [jointLog] [info] Counted 1,124 total reads in the equivalence classes 
[2025-04-10 22:44:05.635] [jointLog] [info] Number of mappings discarded because of alignment score : 293
[2025-04-10 22:44:05.635] [jointLog] [info] Number of fragments entirely discarded because of alignment score : 256
[2025-04-10 22:44:05.635] [jointLog] [info] Number of fragments discarded because they are best-mapped to decoys : 0
[2025-04-10 22:44:05.635] [jointLog] [info] Number of fragments discarded because they have only dovetail (discordant) mappings to valid targets : 33
[2025-04-10 22:44:05.635] [jointLog] [warning] Only 1124 fragments were mapped, but the number of burn-in fragments was set to 5000000.
The effective lengths have been computed using the observed mappings.

[2025-04-10 22:44:05.635] [jointLog] [info] Mapping rate = 0.00239182%

[2025-04-10 22:44:05.635] [jointLog] [info] finished quantifyLibrary()
[2025-04-10 22:44:05.636] [jointLog] [info] Starting optimizer
[2025-04-10 22:44:05.638] [jointLog] [info] Marked 0 weighted equivalence classes as degenerate
[2025-04-10 22:44:05.638] [jointLog] [info] iteration = 0 | max rel diff. = 23.9772
[2025-04-10 22:44:05.638] [jointLog] [info] iteration = 100 | max rel diff. = 0
[2025-04-10 22:44:05.638] [jointLog] [info] Finished optimizer
[2025-04-10 22:44:05.638] [jointLog] [info] writing output 

