[2025-04-11 21:09:11.987] [jointLog] [info] setting maxHashResizeThreads to 8
[2025-04-11 21:09:11.987] [jointLog] [info] Fragment incompatibility prior below threshold.  Incompatible fragments will be ignored.
[2025-04-11 21:09:11.987] [jointLog] [info] Usage of --validateMappings implies use of minScoreFraction. Since not explicitly specified, it is being set to 0.65
[2025-04-11 21:09:11.987] [jointLog] [info] Setting consensusSlack to selective-alignment default of 0.35.
[2025-04-11 21:09:11.987] [jointLog] [info] parsing read library format
[2025-04-11 21:09:11.987] [jointLog] [info] There is 1 library.
[2025-04-11 21:09:11.987] [jointLog] [info] Loading pufferfish index
[2025-04-11 21:09:11.987] [jointLog] [info] Loading dense pufferfish index.
[2025-04-11 21:09:11.990] [jointLog] [info] done
[2025-04-11 21:09:12.026] [jointLog] [info] Index contained 9 targets
[2025-04-11 21:09:12.026] [jointLog] [info] Number of decoys : 0
[2025-04-11 21:10:17.119] [fileLog] [info] 
At end of round 0
==================
Observed 22732085 total fragments (22732085 in most recent round)

[2025-04-11 21:10:17.119] [jointLog] [info] Computed 2 rich equivalence classes for further processing
[2025-04-11 21:10:17.119] [jointLog] [info] Counted 338 total reads in the equivalence classes 
[2025-04-11 21:10:17.122] [jointLog] [info] Number of mappings discarded because of alignment score : 107
[2025-04-11 21:10:17.122] [jointLog] [info] Number of fragments entirely discarded because of alignment score : 80
[2025-04-11 21:10:17.122] [jointLog] [info] Number of fragments discarded because they are best-mapped to decoys : 0
[2025-04-11 21:10:17.122] [jointLog] [info] Number of fragments discarded because they have only dovetail (discordant) mappings to valid targets : 36
[2025-04-11 21:10:17.122] [jointLog] [warning] Only 338 fragments were mapped, but the number of burn-in fragments was set to 5000000.
The effective lengths have been computed using the observed mappings.

[2025-04-11 21:10:17.122] [jointLog] [info] Mapping rate = 0.00148689%

[2025-04-11 21:10:17.122] [jointLog] [info] finished quantifyLibrary()
[2025-04-11 21:10:17.123] [jointLog] [info] Starting optimizer
[2025-04-11 21:10:17.123] [jointLog] [info] Marked 0 weighted equivalence classes as degenerate
[2025-04-11 21:10:17.123] [jointLog] [info] iteration = 0 | max rel diff. = 1.68253
[2025-04-11 21:10:17.124] [jointLog] [info] iteration = 100 | max rel diff. = 0
[2025-04-11 21:10:17.124] [jointLog] [info] Finished optimizer
[2025-04-11 21:10:17.124] [jointLog] [info] writing output 

[2025-04-11 21:10:17.125] [jointLog] [warning] NOTE: Read Lib [[ fastq_files/SRR21480285_1.fastq, fastq_files/SRR21480285_2.fastq]] :

Detected a *potential* strand bias > 1% in an unstranded protocol check the file: salmon_output_soft/SRR21480285_quant/lib_format_counts.json for details

