[2025-05-08 18:10:52.046] [jointLog] [info] setting maxHashResizeThreads to 8
[2025-05-08 18:10:52.046] [jointLog] [info] Fragment incompatibility prior below threshold.  Incompatible fragments will be ignored.
[2025-05-08 18:10:52.046] [jointLog] [info] Usage of --validateMappings implies use of minScoreFraction. Since not explicitly specified, it is being set to 0.65
[2025-05-08 18:10:52.046] [jointLog] [info] Setting consensusSlack to selective-alignment default of 0.35.
[2025-05-08 18:10:52.046] [jointLog] [info] parsing read library format
[2025-05-08 18:10:52.046] [jointLog] [info] There is 1 library.
[2025-05-08 18:10:52.046] [jointLog] [info] Loading pufferfish index
[2025-05-08 18:10:52.046] [jointLog] [info] Loading dense pufferfish index.
[2025-05-08 18:10:52.049] [jointLog] [info] done
[2025-05-08 18:10:52.089] [jointLog] [info] Index contained 37 targets
[2025-05-08 18:10:52.089] [jointLog] [info] Number of decoys : 0
[2025-05-08 18:12:03.386] [fileLog] [info] 
At end of round 0
==================
Observed 22732085 total fragments (22732085 in most recent round)

[2025-05-08 18:12:03.385] [jointLog] [info] Computed 33 rich equivalence classes for further processing
[2025-05-08 18:12:03.385] [jointLog] [info] Counted 16,848 total reads in the equivalence classes 
[2025-05-08 18:12:03.388] [jointLog] [info] Number of mappings discarded because of alignment score : 9,673
[2025-05-08 18:12:03.388] [jointLog] [info] Number of fragments entirely discarded because of alignment score : 9,092
[2025-05-08 18:12:03.388] [jointLog] [info] Number of fragments discarded because they are best-mapped to decoys : 0
[2025-05-08 18:12:03.388] [jointLog] [info] Number of fragments discarded because they have only dovetail (discordant) mappings to valid targets : 1,310
[2025-05-08 18:12:03.388] [jointLog] [warning] Only 16848 fragments were mapped, but the number of burn-in fragments was set to 5000000.
The effective lengths have been computed using the observed mappings.

[2025-05-08 18:12:03.388] [jointLog] [info] Mapping rate = 0.0741155%

[2025-05-08 18:12:03.388] [jointLog] [info] finished quantifyLibrary()
[2025-05-08 18:12:03.389] [jointLog] [info] Starting optimizer
[2025-05-08 18:12:03.390] [jointLog] [info] Marked 0 weighted equivalence classes as degenerate
[2025-05-08 18:12:03.390] [jointLog] [info] iteration = 0 | max rel diff. = 454.198
[2025-05-08 18:12:03.392] [jointLog] [info] iteration = 100 | max rel diff. = 0
[2025-05-08 18:12:03.392] [jointLog] [info] Finished optimizer
[2025-05-08 18:12:03.392] [jointLog] [info] writing output 

