[2025-05-08 17:50:17.688] [jointLog] [info] setting maxHashResizeThreads to 8
[2025-05-08 17:50:17.688] [jointLog] [info] Fragment incompatibility prior below threshold.  Incompatible fragments will be ignored.
[2025-05-08 17:50:17.688] [jointLog] [info] Usage of --validateMappings implies use of minScoreFraction. Since not explicitly specified, it is being set to 0.65
[2025-05-08 17:50:17.689] [jointLog] [info] Setting consensusSlack to selective-alignment default of 0.35.
[2025-05-08 17:50:17.689] [jointLog] [info] parsing read library format
[2025-05-08 17:50:17.689] [jointLog] [info] There is 1 library.
[2025-05-08 17:50:17.738] [jointLog] [info] Loading pufferfish index
[2025-05-08 17:50:17.745] [jointLog] [info] Loading dense pufferfish index.
[2025-05-08 17:50:18.290] [jointLog] [info] done
[2025-05-08 17:50:18.308] [jointLog] [info] Index contained 37 targets
[2025-05-08 17:50:18.308] [jointLog] [info] Number of decoys : 0
[2025-05-08 17:53:22.334] [fileLog] [info] 
At end of round 0
==================
Observed 62600493 total fragments (62600493 in most recent round)

[2025-05-08 17:53:22.333] [jointLog] [info] Computed 34 rich equivalence classes for further processing
[2025-05-08 17:53:22.333] [jointLog] [info] Counted 34,228 total reads in the equivalence classes 
[2025-05-08 17:53:22.337] [jointLog] [info] Number of mappings discarded because of alignment score : 17,895
[2025-05-08 17:53:22.337] [jointLog] [info] Number of fragments entirely discarded because of alignment score : 17,494
[2025-05-08 17:53:22.337] [jointLog] [info] Number of fragments discarded because they are best-mapped to decoys : 0
[2025-05-08 17:53:22.337] [jointLog] [info] Number of fragments discarded because they have only dovetail (discordant) mappings to valid targets : 608
[2025-05-08 17:53:22.337] [jointLog] [warning] Only 34228 fragments were mapped, but the number of burn-in fragments was set to 5000000.
The effective lengths have been computed using the observed mappings.

[2025-05-08 17:53:22.337] [jointLog] [info] Mapping rate = 0.0546769%

[2025-05-08 17:53:22.337] [jointLog] [info] finished quantifyLibrary()
[2025-05-08 17:53:23.394] [jointLog] [info] Starting optimizer
[2025-05-08 17:53:23.396] [jointLog] [info] Marked 0 weighted equivalence classes as degenerate
[2025-05-08 17:53:23.396] [jointLog] [info] iteration = 0 | max rel diff. = 114.557
[2025-05-08 17:53:23.398] [jointLog] [info] iteration = 100 | max rel diff. = 0
[2025-05-08 17:53:23.398] [jointLog] [info] Finished optimizer
[2025-05-08 17:53:23.398] [jointLog] [info] writing output 

