[2025-05-08 18:08:47.453] [jointLog] [info] setting maxHashResizeThreads to 8
[2025-05-08 18:08:47.453] [jointLog] [info] Fragment incompatibility prior below threshold.  Incompatible fragments will be ignored.
[2025-05-08 18:08:47.453] [jointLog] [info] Usage of --validateMappings implies use of minScoreFraction. Since not explicitly specified, it is being set to 0.65
[2025-05-08 18:08:47.453] [jointLog] [info] Setting consensusSlack to selective-alignment default of 0.35.
[2025-05-08 18:08:47.453] [jointLog] [info] parsing read library format
[2025-05-08 18:08:47.453] [jointLog] [info] There is 1 library.
[2025-05-08 18:08:47.463] [jointLog] [info] Loading pufferfish index
[2025-05-08 18:08:47.468] [jointLog] [info] Loading dense pufferfish index.
[2025-05-08 18:08:47.552] [jointLog] [info] done
[2025-05-08 18:08:47.620] [jointLog] [info] Index contained 37 targets
[2025-05-08 18:08:47.620] [jointLog] [info] Number of decoys : 0
[2025-05-08 18:09:58.144] [fileLog] [info] 
At end of round 0
==================
Observed 22760018 total fragments (22760018 in most recent round)

[2025-05-08 18:09:58.144] [jointLog] [info] Computed 34 rich equivalence classes for further processing
[2025-05-08 18:09:58.144] [jointLog] [info] Counted 15,106 total reads in the equivalence classes 
[2025-05-08 18:09:58.147] [jointLog] [info] Number of mappings discarded because of alignment score : 8,961
[2025-05-08 18:09:58.147] [jointLog] [info] Number of fragments entirely discarded because of alignment score : 8,294
[2025-05-08 18:09:58.147] [jointLog] [info] Number of fragments discarded because they are best-mapped to decoys : 0
[2025-05-08 18:09:58.147] [jointLog] [info] Number of fragments discarded because they have only dovetail (discordant) mappings to valid targets : 1,405
[2025-05-08 18:09:58.147] [jointLog] [warning] Only 15106 fragments were mapped, but the number of burn-in fragments was set to 5000000.
The effective lengths have been computed using the observed mappings.

[2025-05-08 18:09:58.147] [jointLog] [info] Mapping rate = 0.0663708%

[2025-05-08 18:09:58.147] [jointLog] [info] finished quantifyLibrary()
[2025-05-08 18:09:58.148] [jointLog] [info] Starting optimizer
[2025-05-08 18:09:58.149] [jointLog] [info] Marked 0 weighted equivalence classes as degenerate
[2025-05-08 18:09:58.150] [jointLog] [info] iteration = 0 | max rel diff. = 407.147
[2025-05-08 18:09:58.152] [jointLog] [info] iteration = 100 | max rel diff. = 0
[2025-05-08 18:09:58.152] [jointLog] [info] Finished optimizer
[2025-05-08 18:09:58.152] [jointLog] [info] writing output 

[2025-05-08 18:09:58.185] [jointLog] [warning] NOTE: Read Lib [[ fastq_files/SRR21452225_1.fastq, fastq_files/SRR21452225_2.fastq]] :

Detected a *potential* strand bias > 1% in an unstranded protocol check the file: salmon_output_main/SRR21452225_quant/lib_format_counts.json for details

