[2025-04-11 12:07:08.299] [jointLog] [info] setting maxHashResizeThreads to 8
[2025-04-11 12:07:08.299] [jointLog] [info] Fragment incompatibility prior below threshold.  Incompatible fragments will be ignored.
[2025-04-11 12:07:08.299] [jointLog] [info] Setting consensusSlack to selective-alignment default of 0.35.
[2025-04-11 12:07:08.299] [jointLog] [info] parsing read library format
[2025-04-11 12:07:08.299] [jointLog] [info] There is 1 library.
[2025-04-11 12:07:08.326] [jointLog] [info] Loading pufferfish index
[2025-04-11 12:07:08.342] [jointLog] [info] Loading dense pufferfish index.
[2025-04-11 12:07:08.436] [jointLog] [info] done
[2025-04-11 12:07:08.495] [jointLog] [info] Index contained 9 targets
[2025-04-11 12:07:08.495] [jointLog] [info] Number of decoys : 0
[2025-04-11 12:09:45.041] [jointLog] [info] Computed 2 rich equivalence classes for further processing
[2025-04-11 12:09:45.041] [jointLog] [info] Counted 645 total reads in the equivalence classes 
[2025-04-11 12:09:45.044] [jointLog] [info] Number of mappings discarded because of alignment score : 120
[2025-04-11 12:09:45.044] [jointLog] [info] Number of fragments entirely discarded because of alignment score : 101
[2025-04-11 12:09:45.044] [jointLog] [info] Number of fragments discarded because they are best-mapped to decoys : 0
[2025-04-11 12:09:45.044] [jointLog] [info] Number of fragments discarded because they have only dovetail (discordant) mappings to valid targets : 25
[2025-04-11 12:09:45.044] [jointLog] [warning] Only 645 fragments were mapped, but the number of burn-in fragments was set to 5000000.
The effective lengths have been computed using the observed mappings.

[2025-04-11 12:09:45.044] [jointLog] [info] Mapping rate = 0.00121948%

[2025-04-11 12:09:45.044] [jointLog] [info] finished quantifyLibrary()
[2025-04-11 12:09:45.044] [jointLog] [info] Starting optimizer
[2025-04-11 12:09:45.046] [jointLog] [info] Marked 0 weighted equivalence classes as degenerate
[2025-04-11 12:09:45.046] [jointLog] [info] iteration = 0 | max rel diff. = 2.77189
[2025-04-11 12:09:45.046] [jointLog] [info] iteration = 100 | max rel diff. = 0
[2025-04-11 12:09:45.046] [jointLog] [info] Finished optimizer
[2025-04-11 12:09:45.046] [jointLog] [info] writing output 

[2025-04-11 12:09:45.047] [jointLog] [warning] NOTE: Read Lib [[ fastq_files/SRR14425984_1.fastq, fastq_files/SRR14425984_2.fastq]] :

Detected a *potential* strand bias > 1% in an unstranded protocol check the file: salmon_output05/SRR14425984_quant/lib_format_counts.json for details

[2025-04-11 12:09:45.041] [fileLog] [info] 
At end of round 0
==================
Observed 52891271 total fragments (52891271 in most recent round)

