[2025-05-08 18:02:22.821] [jointLog] [info] setting maxHashResizeThreads to 8
[2025-05-08 18:02:22.821] [jointLog] [info] Fragment incompatibility prior below threshold.  Incompatible fragments will be ignored.
[2025-05-08 18:02:22.821] [jointLog] [info] Usage of --validateMappings implies use of minScoreFraction. Since not explicitly specified, it is being set to 0.65
[2025-05-08 18:02:22.821] [jointLog] [info] Setting consensusSlack to selective-alignment default of 0.35.
[2025-05-08 18:02:22.821] [jointLog] [info] parsing read library format
[2025-05-08 18:02:22.821] [jointLog] [info] There is 1 library.
[2025-05-08 18:02:22.821] [jointLog] [info] Loading pufferfish index
[2025-05-08 18:02:22.821] [jointLog] [info] Loading dense pufferfish index.
[2025-05-08 18:02:22.824] [jointLog] [info] done
[2025-05-08 18:02:22.847] [jointLog] [info] Index contained 37 targets
[2025-05-08 18:02:22.847] [jointLog] [info] Number of decoys : 0
[2025-05-08 18:04:42.675] [fileLog] [info] 
At end of round 0
==================
Observed 47030317 total fragments (47030317 in most recent round)

[2025-05-08 18:04:42.674] [jointLog] [info] Computed 34 rich equivalence classes for further processing
[2025-05-08 18:04:42.674] [jointLog] [info] Counted 24,631 total reads in the equivalence classes 
[2025-05-08 18:04:42.677] [jointLog] [info] Number of mappings discarded because of alignment score : 12,303
[2025-05-08 18:04:42.677] [jointLog] [info] Number of fragments entirely discarded because of alignment score : 11,936
[2025-05-08 18:04:42.677] [jointLog] [info] Number of fragments discarded because they are best-mapped to decoys : 0
[2025-05-08 18:04:42.677] [jointLog] [info] Number of fragments discarded because they have only dovetail (discordant) mappings to valid targets : 783
[2025-05-08 18:04:42.677] [jointLog] [warning] Only 24631 fragments were mapped, but the number of burn-in fragments was set to 5000000.
The effective lengths have been computed using the observed mappings.

[2025-05-08 18:04:42.677] [jointLog] [info] Mapping rate = 0.0523726%

[2025-05-08 18:04:42.677] [jointLog] [info] finished quantifyLibrary()
[2025-05-08 18:04:42.689] [jointLog] [info] Starting optimizer
[2025-05-08 18:04:42.690] [jointLog] [info] Marked 0 weighted equivalence classes as degenerate
[2025-05-08 18:04:42.690] [jointLog] [info] iteration = 0 | max rel diff. = 331.688
[2025-05-08 18:04:42.692] [jointLog] [info] iteration = 100 | max rel diff. = 0
[2025-05-08 18:04:42.692] [jointLog] [info] Finished optimizer
[2025-05-08 18:04:42.692] [jointLog] [info] writing output 

