[2025-05-08 18:09:44.402] [jointLog] [info] setting maxHashResizeThreads to 8
[2025-05-08 18:09:44.402] [jointLog] [info] Fragment incompatibility prior below threshold.  Incompatible fragments will be ignored.
[2025-05-08 18:09:44.402] [jointLog] [info] Usage of --validateMappings implies use of minScoreFraction. Since not explicitly specified, it is being set to 0.65
[2025-05-08 18:09:44.402] [jointLog] [info] Setting consensusSlack to selective-alignment default of 0.35.
[2025-05-08 18:09:44.402] [jointLog] [info] parsing read library format
[2025-05-08 18:09:44.402] [jointLog] [info] There is 1 library.
[2025-05-08 18:09:44.402] [jointLog] [info] Loading pufferfish index
[2025-05-08 18:09:44.402] [jointLog] [info] Loading dense pufferfish index.
[2025-05-08 18:09:44.405] [jointLog] [info] done
[2025-05-08 18:09:44.455] [jointLog] [info] Index contained 37 targets
[2025-05-08 18:09:44.455] [jointLog] [info] Number of decoys : 0
[2025-05-08 18:10:57.862] [fileLog] [info] 
At end of round 0
==================
Observed 24560623 total fragments (24560623 in most recent round)

[2025-05-08 18:10:57.862] [jointLog] [info] Computed 33 rich equivalence classes for further processing
[2025-05-08 18:10:57.862] [jointLog] [info] Counted 18,809 total reads in the equivalence classes 
[2025-05-08 18:10:57.865] [jointLog] [info] Number of mappings discarded because of alignment score : 10,598
[2025-05-08 18:10:57.865] [jointLog] [info] Number of fragments entirely discarded because of alignment score : 9,766
[2025-05-08 18:10:57.865] [jointLog] [info] Number of fragments discarded because they are best-mapped to decoys : 0
[2025-05-08 18:10:57.865] [jointLog] [info] Number of fragments discarded because they have only dovetail (discordant) mappings to valid targets : 1,801
[2025-05-08 18:10:57.865] [jointLog] [warning] Only 18809 fragments were mapped, but the number of burn-in fragments was set to 5000000.
The effective lengths have been computed using the observed mappings.

[2025-05-08 18:10:57.865] [jointLog] [info] Mapping rate = 0.0765819%

[2025-05-08 18:10:57.865] [jointLog] [info] finished quantifyLibrary()
[2025-05-08 18:10:57.889] [jointLog] [info] Starting optimizer
[2025-05-08 18:10:57.890] [jointLog] [info] Marked 0 weighted equivalence classes as degenerate
[2025-05-08 18:10:57.890] [jointLog] [info] iteration = 0 | max rel diff. = 507.16
[2025-05-08 18:10:57.893] [jointLog] [info] iteration = 100 | max rel diff. = 0
[2025-05-08 18:10:57.893] [jointLog] [info] Finished optimizer
[2025-05-08 18:10:57.893] [jointLog] [info] writing output 

