[2025-04-11 13:02:30.512] [jointLog] [info] setting maxHashResizeThreads to 8
[2025-04-11 13:02:30.512] [jointLog] [info] Fragment incompatibility prior below threshold.  Incompatible fragments will be ignored.
[2025-04-11 13:02:30.512] [jointLog] [info] Setting consensusSlack to selective-alignment default of 0.35.
[2025-04-11 13:02:30.512] [jointLog] [info] parsing read library format
[2025-04-11 13:02:30.512] [jointLog] [info] There is 1 library.
[2025-04-11 13:02:30.512] [jointLog] [info] Loading pufferfish index
[2025-04-11 13:02:30.512] [jointLog] [info] Loading dense pufferfish index.
[2025-04-11 13:02:30.515] [jointLog] [info] done
[2025-04-11 13:02:30.596] [jointLog] [info] Index contained 9 targets
[2025-04-11 13:02:30.596] [jointLog] [info] Number of decoys : 0
[2025-04-11 13:03:05.756] [jointLog] [info] Computed 4 rich equivalence classes for further processing
[2025-04-11 13:03:05.756] [jointLog] [info] Counted 1,312 total reads in the equivalence classes 
[2025-04-11 13:03:05.760] [jointLog] [info] Number of mappings discarded because of alignment score : 99
[2025-04-11 13:03:05.760] [jointLog] [info] Number of fragments entirely discarded because of alignment score : 87
[2025-04-11 13:03:05.760] [jointLog] [info] Number of fragments discarded because they are best-mapped to decoys : 0
[2025-04-11 13:03:05.760] [jointLog] [info] Number of fragments discarded because they have only dovetail (discordant) mappings to valid targets : 7
[2025-04-11 13:03:05.760] [jointLog] [warning] Only 1312 fragments were mapped, but the number of burn-in fragments was set to 5000000.
The effective lengths have been computed using the observed mappings.

[2025-04-11 13:03:05.760] [jointLog] [info] Mapping rate = 0.00625782%

[2025-04-11 13:03:05.760] [jointLog] [info] finished quantifyLibrary()
[2025-04-11 13:03:05.761] [jointLog] [info] Starting optimizer
[2025-04-11 13:03:05.761] [jointLog] [info] Marked 0 weighted equivalence classes as degenerate
[2025-04-11 13:03:05.761] [jointLog] [info] iteration = 0 | max rel diff. = 71.887
[2025-04-11 13:03:05.762] [jointLog] [info] iteration = 100 | max rel diff. = 0
[2025-04-11 13:03:05.762] [jointLog] [info] Finished optimizer
[2025-04-11 13:03:05.762] [jointLog] [info] writing output 

[2025-04-11 13:03:05.763] [jointLog] [warning] NOTE: Read Lib [[ fastq_files/SRR7124938_1.fastq, fastq_files/SRR7124938_2.fastq]] :

Detected a *potential* strand bias > 1% in an unstranded protocol check the file: salmon_output05/SRR7124938_quant/lib_format_counts.json for details

[2025-04-11 13:03:05.757] [fileLog] [info] 
At end of round 0
==================
Observed 20965765 total fragments (20965765 in most recent round)

