[2025-04-11 21:10:47.585] [jointLog] [info] setting maxHashResizeThreads to 8
[2025-04-11 21:10:47.585] [jointLog] [info] Fragment incompatibility prior below threshold.  Incompatible fragments will be ignored.
[2025-04-11 21:10:47.585] [jointLog] [info] Usage of --validateMappings implies use of minScoreFraction. Since not explicitly specified, it is being set to 0.65
[2025-04-11 21:10:47.585] [jointLog] [info] Setting consensusSlack to selective-alignment default of 0.35.
[2025-04-11 21:10:47.585] [jointLog] [info] parsing read library format
[2025-04-11 21:10:47.585] [jointLog] [info] There is 1 library.
[2025-04-11 21:10:47.586] [jointLog] [info] Loading pufferfish index
[2025-04-11 21:10:47.586] [jointLog] [info] Loading dense pufferfish index.
[2025-04-11 21:10:47.588] [jointLog] [info] done
[2025-04-11 21:10:47.651] [jointLog] [info] Index contained 9 targets
[2025-04-11 21:10:47.651] [jointLog] [info] Number of decoys : 0
[2025-04-11 21:11:22.970] [fileLog] [info] 
At end of round 0
==================
Observed 20965765 total fragments (20965765 in most recent round)

[2025-04-11 21:11:22.970] [jointLog] [info] Computed 4 rich equivalence classes for further processing
[2025-04-11 21:11:22.970] [jointLog] [info] Counted 1,260 total reads in the equivalence classes 
[2025-04-11 21:11:22.973] [jointLog] [info] Number of mappings discarded because of alignment score : 151
[2025-04-11 21:11:22.973] [jointLog] [info] Number of fragments entirely discarded because of alignment score : 139
[2025-04-11 21:11:22.973] [jointLog] [info] Number of fragments discarded because they are best-mapped to decoys : 0
[2025-04-11 21:11:22.973] [jointLog] [info] Number of fragments discarded because they have only dovetail (discordant) mappings to valid targets : 7
[2025-04-11 21:11:22.973] [jointLog] [warning] Only 1260 fragments were mapped, but the number of burn-in fragments was set to 5000000.
The effective lengths have been computed using the observed mappings.

[2025-04-11 21:11:22.973] [jointLog] [info] Mapping rate = 0.0060098%

[2025-04-11 21:11:22.973] [jointLog] [info] finished quantifyLibrary()
[2025-04-11 21:11:22.973] [jointLog] [info] Starting optimizer
[2025-04-11 21:11:22.974] [jointLog] [info] Marked 0 weighted equivalence classes as degenerate
[2025-04-11 21:11:22.974] [jointLog] [info] iteration = 0 | max rel diff. = 68.9983
[2025-04-11 21:11:22.974] [jointLog] [info] iteration = 100 | max rel diff. = 0
[2025-04-11 21:11:22.974] [jointLog] [info] Finished optimizer
[2025-04-11 21:11:22.974] [jointLog] [info] writing output 

[2025-04-11 21:11:22.975] [jointLog] [warning] NOTE: Read Lib [[ fastq_files/SRR7124938_1.fastq, fastq_files/SRR7124938_2.fastq]] :

Detected a *potential* strand bias > 1% in an unstranded protocol check the file: salmon_output_soft/SRR7124938_quant/lib_format_counts.json for details

